<?xml version="1.0" encoding="UTF-8"?>
<testsuite xmlns:xsi="http://www.w3.org/2001/XMLSchema-instance" xsi:noNamespaceSchemaLocation="https://maven.apache.org/surefire/maven-surefire-plugin/xsd/surefire-test-report-3.0.xsd" version="3.0" name="sk.prototyping.UnitTest" time="0.179" tests="1" errors="0" skipped="0" failures="0">
  <properties>
    <property name="sun.desktop" value="windows"/>
    <property name="awt.toolkit" value="sun.awt.windows.WToolkit"/>
    <property name="file.encoding.pkg" value="sun.io"/>
    <property name="java.specification.version" value="1.8"/>
    <property name="sun.cpu.isalist" value="amd64"/>
    <property name="sun.jnu.encoding" value="MS949"/>
    <property name="java.class.path" value="C:\Users\juf\git\prototyping0010\unit-tests\target\test-classes;C:\Users\juf\git\prototyping0010\unit-tests\target\classes;C:\Users\juf\git\prototyping0010\application\target\prototyping0010-application-classes.jar;C:\Users\juf\.m2\repository\com\sap\cloud\sdk\cloudplatform\security-servlet\3.11.0\security-servlet-3.11.0.jar;C:\Users\juf\.m2\repository\com\sap\cloud\sdk\cloudplatform\scp-cf\3.11.0\scp-cf-3.11.0.jar;C:\Users\juf\.m2\repository\com\sap\cloud\sdk\cloudplatform\auditlog-scp-cf\3.11.0\auditlog-scp-cf-3.11.0.jar;C:\Users\juf\.m2\repository\com\sap\cloud\sdk\cloudplatform\caching\3.11.0\caching-3.11.0.jar;C:\Users\juf\.m2\repository\com\github\ben-manes\caffeine\caffeine\2.8.0\caffeine-2.8.0.jar;C:\Users\juf\.m2\repository\com\sap\cloud\sdk\cloudplatform\cloudplatform-core-scp-cf\3.11.0\cloudplatform-core-scp-cf-3.11.0.jar;C:\Users\juf\.m2\repository\com\google\code\gson\gson\2.8.6\gson-2.8.6.jar;C:\Users\juf\.m2\repository\com\auth0\java-jwt\3.9.0\java-jwt-3.9.0.jar;C:\Users\juf\.m2\repository\commons-codec\commons-codec\1.13\commons-codec-1.13.jar;C:\Users\juf\.m2\repository\com\sap\cloud\sdk\cloudplatform\cloudplatform-connectivity-scp-cf\3.11.0\cloudplatform-connectivity-scp-cf-3.11.0.jar;C:\Users\juf\.m2\repository\com\sap\cloud\sdk\cloudplatform\cloudplatform-connectivity-scp\3.11.0\cloudplatform-connectivity-scp-3.11.0.jar;C:\Users\juf\.m2\repository\com\sap\cloud\sdk\cloudplatform\resilience\3.11.0\resilience-3.11.0.jar;C:\Users\juf\.m2\repository\com\sap\cloud\sdk\frameworks\resilience4j\3.11.0\resilience4j-3.11.0.jar;C:\Users\juf\.m2\repository\io\github\resilience4j\resilience4j-circuitbreaker\1.2.0\resilience4j-circuitbreaker-1.2.0.jar;C:\Users\juf\.m2\repository\io\github\resilience4j\resilience4j-core\1.2.0\resilience4j-core-1.2.0.jar;C:\Users\juf\.m2\repository\io\github\resilience4j\resilience4j-bulkhead\1.2.0\resilience4j-bulkhead-1.2.0.jar;C:\Users\juf\.m2\repository\io\github\resilience4j\resilience4j-timelimiter\1.2.0\resilience4j-timelimiter-1.2.0.jar;C:\Users\juf\.m2\repository\io\github\resilience4j\resilience4j-cache\1.2.0\resilience4j-cache-1.2.0.jar;C:\Users\juf\.m2\repository\javax\cache\cache-api\1.1.1\cache-api-1.1.1.jar;C:\Users\juf\.m2\repository\io\github\resilience4j\resilience4j-retry\1.2.0\resilience4j-retry-1.2.0.jar;C:\Users\juf\.m2\repository\commons-io\commons-io\2.6\commons-io-2.6.jar;C:\Users\juf\.m2\repository\org\apache\httpcomponents\httpclient\4.5.10\httpclient-4.5.10.jar;C:\Users\juf\.m2\repository\com\sap\cloud\sdk\cloudplatform\security-scp-cf\3.11.0\security-scp-cf-3.11.0.jar;C:\Users\juf\.m2\repository\com\sap\cloud\sdk\cloudplatform\servlet\3.11.0\servlet-3.11.0.jar;C:\Users\juf\.m2\repository\com\sap\cloud\sdk\cloudplatform\tenant-scp-cf\3.11.0\tenant-scp-cf-3.11.0.jar;C:\Users\juf\.m2\repository\com\sap\cloud\sdk\cloudplatform\metering\3.11.0\metering-3.11.0.jar;C:\Users\juf\.m2\repository\com\sap\cloud\sdk\s4hana\s4hana-all\3.11.0\s4hana-all-3.11.0.jar;C:\Users\juf\.m2\repository\com\sap\cloud\sdk\s4hana\s4hana-core\3.11.0\s4hana-core-3.11.0.jar;C:\Users\juf\.m2\repository\com\sap\cloud\sdk\datamodel\fluent-result\3.11.0\fluent-result-3.11.0.jar;C:\Users\juf\.m2\repository\com\sap\cloud\sdk\s4hana\s4hana-connectivity\3.11.0\s4hana-connectivity-3.11.0.jar;C:\Users\juf\.m2\repository\com\sap\cloud\sdk\datamodel\odata-core\3.11.0\odata-core-3.11.0.jar;C:\Users\juf\.m2\repository\com\sap\cloud\servicesdk\odata-v2-lib\1.36.2\odata-v2-lib-1.36.2.jar;C:\Users\juf\.m2\repository\com\sap\cloud\servicesdk\developer_license\1.36.2\developer_license-1.36.2.jar;C:\Users\juf\.m2\repository\org\jsoup\jsoup\1.12.1\jsoup-1.12.1.jar;C:\Users\juf\.m2\repository\org\apache\commons\commons-text\1.8\commons-text-1.8.jar;C:\Users\juf\.m2\repository\com\fasterxml\jackson\core\jackson-core\2.10.1\jackson-core-2.10.1.jar;C:\Users\juf\.m2\repository\joda-time\joda-time\2.10.5\joda-time-2.10.5.jar;C:\Users\juf\.m2\repository\com\sap\cloud\sdk\quality\odata-querylistener\3.11.0\odata-querylistener-3.11.0.jar;C:\Users\juf\.m2\repository\com\sap\cloud\sdk\s4hana\s4hana-api-odata\3.11.0\s4hana-api-odata-3.11.0.jar;C:\Users\juf\.m2\repository\com\sap\cloud\sdk\datamodel\soap\3.11.0\soap-3.11.0.jar;C:\Users\juf\.m2\repository\org\apache\axis2\axis2-adb\1.7.9\axis2-adb-1.7.9.jar;C:\Users\juf\.m2\repository\org\apache\ws\commons\axiom\axiom-dom\1.2.21\axiom-dom-1.2.21.jar;C:\Users\juf\.m2\repository\org\codehaus\woodstox\woodstox-core-asl\4.2.0\woodstox-core-asl-4.2.0.jar;C:\Users\juf\.m2\repository\org\codehaus\woodstox\stax2-api\3.1.1\stax2-api-3.1.1.jar;C:\Users\juf\.m2\repository\org\apache\axis2\axis2-transport-http\1.7.9\axis2-transport-http-1.7.9.jar;C:\Users\juf\.m2\repository\org\apache\axis2\axis2-kernel\1.7.9\axis2-kernel-1.7.9.jar;C:\Users\juf\.m2\repository\org\apache\ws\commons\axiom\axiom-api\1.2.21\axiom-api-1.2.21.jar;C:\Users\juf\.m2\repository\org\apache\geronimo\specs\geronimo-activation_1.1_spec\1.1\geronimo-activation_1.1_spec-1.1.jar;C:\Users\juf\.m2\repository\jaxen\jaxen\1.1.6\jaxen-1.1.6.jar;C:\Users\juf\.m2\repository\org\apache\geronimo\specs\geronimo-stax-api_1.0_spec\1.0.1\geronimo-stax-api_1.0_spec-1.0.1.jar;C:\Users\juf\.m2\repository\org\apache\james\apache-mime4j-core\0.7.2\apache-mime4j-core-0.7.2.jar;C:\Users\juf\.m2\repository\org\apache\ws\commons\axiom\axiom-impl\1.2.21\axiom-impl-1.2.21.jar;C:\Users\juf\.m2\repository\org\apache\geronimo\specs\geronimo-ws-metadata_2.0_spec\1.1.2\geronimo-ws-metadata_2.0_spec-1.1.2.jar;C:\Users\juf\.m2\repository\org\apache\geronimo\specs\geronimo-jta_1.1_spec\1.1\geronimo-jta_1.1_spec-1.1.jar;C:\Users\juf\.m2\repository\commons-fileupload\commons-fileupload\1.3.3\commons-fileupload-1.3.3.jar;C:\Users\juf\.m2\repository\wsdl4j\wsdl4j\1.6.2\wsdl4j-1.6.2.jar;C:\Users\juf\.m2\repository\org\apache\ws\xmlschema\xmlschema-core\2.2.1\xmlschema-core-2.2.1.jar;C:\Users\juf\.m2\repository\org\apache\neethi\neethi\3.0.3\neethi-3.0.3.jar;C:\Users\juf\.m2\repository\org\apache\woden\woden-core\1.0M10\woden-core-1.0M10.jar;C:\Users\juf\.m2\repository\org\apache\axis2\axis2-transport-local\1.7.9\axis2-transport-local-1.7.9.jar;C:\Users\juf\.m2\repository\com\sap\cloud\sdk\s4hana\rfc\3.11.0\rfc-3.11.0.jar;C:\Users\juf\.m2\repository\com\sap\cloud\sdk\quality\common\3.11.0\common-3.11.0.jar;C:\Users\juf\.m2\repository\org\apache\commons\commons-csv\1.7\commons-csv-1.7.jar;C:\Users\juf\.m2\repository\org\json\json\20190722\json-20190722.jar;C:\Users\juf\.m2\repository\com\sap\cloud\servicesdk\odatav2-connectivity-sdk3\1.36.2\odatav2-connectivity-sdk3-1.36.2.jar;C:\Users\juf\.m2\repository\org\apache\commons\commons-lang3\3.9\commons-lang3-3.9.jar;C:\Users\juf\.m2\repository\com\sap\cloud\servicesdk\jacksonutil-sdk3\1.36.2\jacksonutil-sdk3-1.36.2.jar;C:\Users\juf\.m2\repository\com\sap\cloud\servicesdk\prov\api\1.36.2\api-1.36.2.jar;C:\Users\juf\.m2\repository\javax\transaction\javax.transaction-api\1.2\javax.transaction-api-1.2.jar;C:\Users\juf\.m2\repository\commons-beanutils\commons-beanutils\1.9.4\commons-beanutils-1.9.4.jar;C:\Users\juf\.m2\repository\commons-collections\commons-collections\3.2.2\commons-collections-3.2.2.jar;C:\Users\juf\.m2\repository\com\sap\cds\cds4j-api\1.5.0\cds4j-api-1.5.0.jar;C:\Users\juf\.m2\repository\com\sap\cloud\sdk\testutil\testutil-core\3.11.0\testutil-core-3.11.0.jar;C:\Users\juf\.m2\repository\com\sap\cloud\sdk\cloudplatform\auditlog\3.11.0\auditlog-3.11.0.jar;C:\Users\juf\.m2\repository\com\sap\cloud\sdk\cloudplatform\cloudplatform-core\3.11.0\cloudplatform-core-3.11.0.jar;C:\Users\juf\.m2\repository\com\sap\cloud\sdk\cloudplatform\cloudplatform-connectivity\3.11.0\cloudplatform-connectivity-3.11.0.jar;C:\Users\juf\.m2\repository\com\sap\cloud\sdk\cloudplatform\security\3.11.0\security-3.11.0.jar;C:\Users\juf\.m2\repository\com\sap\cloud\sdk\cloudplatform\tenant\3.11.0\tenant-3.11.0.jar;C:\Users\juf\.m2\repository\com\sap\cloud\sdk\testutil\testutil-resources\3.11.0\testutil-resources-3.11.0.jar;C:\Users\juf\.m2\repository\com\google\code\findbugs\jsr305\3.0.2\jsr305-3.0.2.jar;C:\Users\juf\.m2\repository\io\vavr\vavr\0.10.2\vavr-0.10.2.jar;C:\Users\juf\.m2\repository\io\vavr\vavr-match\0.10.2\vavr-match-0.10.2.jar;C:\Users\juf\.m2\repository\com\google\guava\guava\28.2-jre\guava-28.2-jre.jar;C:\Users\juf\.m2\repository\com\google\guava\failureaccess\1.0.1\failureaccess-1.0.1.jar;C:\Users\juf\.m2\repository\com\google\guava\listenablefuture\9999.0-empty-to-avoid-conflict-with-guava\listenablefuture-9999.0-empty-to-avoid-conflict-with-guava.jar;C:\Users\juf\.m2\repository\com\google\j2objc\j2objc-annotations\1.3\j2objc-annotations-1.3.jar;C:\Users\juf\.m2\repository\com\fasterxml\jackson\core\jackson-annotations\2.10.1\jackson-annotations-2.10.1.jar;C:\Users\juf\.m2\repository\com\fasterxml\jackson\core\jackson-databind\2.10.1\jackson-databind-2.10.1.jar;C:\Users\juf\.m2\repository\com\fasterxml\jackson\dataformat\jackson-dataformat-yaml\2.10.1\jackson-dataformat-yaml-2.10.1.jar;C:\Users\juf\.m2\repository\org\yaml\snakeyaml\1.24\snakeyaml-1.24.jar;C:\Users\juf\.m2\repository\com\mikesamuel\json-sanitizer\1.2.0\json-sanitizer-1.2.0.jar;C:\Users\juf\.m2\repository\com\google\errorprone\error_prone_annotations\2.3.4\error_prone_annotations-2.3.4.jar;C:\Users\juf\.m2\repository\org\assertj\assertj-core\3.14.0\assertj-core-3.14.0.jar;C:\Users\juf\.m2\repository\org\mockito\mockito-core\3.2.4\mockito-core-3.2.4.jar;C:\Users\juf\.m2\repository\net\bytebuddy\byte-buddy\1.10.5\byte-buddy-1.10.5.jar;C:\Users\juf\.m2\repository\net\bytebuddy\byte-buddy-agent\1.10.5\byte-buddy-agent-1.10.5.jar;C:\Users\juf\.m2\repository\org\objenesis\objenesis\2.6\objenesis-2.6.jar;C:\Users\juf\.m2\repository\com\github\tomakehurst\wiremock\2.20.0\wiremock-2.20.0.jar;C:\Users\juf\.m2\repository\org\eclipse\jetty\jetty-server\9.4.25.v20191220\jetty-server-9.4.25.v20191220.jar;C:\Users\juf\.m2\repository\javax\servlet\javax.servlet-api\4.0.1\javax.servlet-api-4.0.1.jar;C:\Users\juf\.m2\repository\org\eclipse\jetty\jetty-http\9.4.25.v20191220\jetty-http-9.4.25.v20191220.jar;C:\Users\juf\.m2\repository\org\eclipse\jetty\jetty-io\9.4.25.v20191220\jetty-io-9.4.25.v20191220.jar;C:\Users\juf\.m2\repository\org\eclipse\jetty\jetty-servlet\9.4.25.v20191220\jetty-servlet-9.4.25.v20191220.jar;C:\Users\juf\.m2\repository\org\eclipse\jetty\jetty-security\9.4.25.v20191220\jetty-security-9.4.25.v20191220.jar;C:\Users\juf\.m2\repository\org\eclipse\jetty\jetty-servlets\9.4.25.v20191220\jetty-servlets-9.4.25.v20191220.jar;C:\Users\juf\.m2\repository\org\eclipse\jetty\jetty-continuation\9.4.25.v20191220\jetty-continuation-9.4.25.v20191220.jar;C:\Users\juf\.m2\repository\org\eclipse\jetty\jetty-util\9.4.25.v20191220\jetty-util-9.4.25.v20191220.jar;C:\Users\juf\.m2\repository\org\eclipse\jetty\jetty-webapp\9.4.25.v20191220\jetty-webapp-9.4.25.v20191220.jar;C:\Users\juf\.m2\repository\org\eclipse\jetty\jetty-xml\9.4.25.v20191220\jetty-xml-9.4.25.v20191220.jar;C:\Users\juf\.m2\repository\org\xmlunit\xmlunit-core\2.5.1\xmlunit-core-2.5.1.jar;C:\Users\juf\.m2\repository\org\xmlunit\xmlunit-legacy\2.5.1\xmlunit-legacy-2.5.1.jar;C:\Users\juf\.m2\repository\com\jayway\jsonpath\json-path\2.4.0\json-path-2.4.0.jar;C:\Users\juf\.m2\repository\net\minidev\json-smart\2.3\json-smart-2.3.jar;C:\Users\juf\.m2\repository\net\minidev\accessors-smart\1.2\accessors-smart-1.2.jar;C:\Users\juf\.m2\repository\org\ow2\asm\asm\5.0.4\asm-5.0.4.jar;C:\Users\juf\.m2\repository\net\sf\jopt-simple\jopt-simple\5.0.3\jopt-simple-5.0.3.jar;C:\Users\juf\.m2\repository\com\flipkart\zjsonpatch\zjsonpatch\0.4.4\zjsonpatch-0.4.4.jar;C:\Users\juf\.m2\repository\com\github\jknack\handlebars\4.0.7\handlebars-4.0.7.jar;C:\Users\juf\.m2\repository\org\antlr\antlr4-runtime\4.7.1\antlr4-runtime-4.7.1.jar;C:\Users\juf\.m2\repository\com\github\jknack\handlebars-helpers\4.0.7\handlebars-helpers-4.0.7.jar;C:\Users\juf\.m2\repository\org\apache\httpcomponents\httpcore\4.4.12\httpcore-4.4.12.jar;C:\Users\juf\.m2\repository\org\slf4j\slf4j-api\1.7.26\slf4j-api-1.7.26.jar;C:\Users\juf\.m2\repository\org\slf4j\jcl-over-slf4j\1.7.26\jcl-over-slf4j-1.7.26.jar;C:\Users\juf\.m2\repository\org\slf4j\slf4j-simple\1.7.26\slf4j-simple-1.7.26.jar;C:\Users\juf\.m2\repository\junit\junit\4.13\junit-4.13.jar;C:\Users\juf\.m2\repository\org\hamcrest\hamcrest-core\1.3\hamcrest-core-1.3.jar;"/>
    <property name="java.vm.vendor" value="Oracle Corporation"/>
    <property name="sun.arch.data.model" value="64"/>
    <property name="user.variant" value=""/>
    <property name="java.vendor.url" value="http://java.oracle.com/"/>
    <property name="user.timezone" value="Asia/Seoul"/>
    <property name="java.vm.specification.version" value="1.8"/>
    <property name="os.name" value="Windows 10"/>
    <property name="user.country" value="KR"/>
    <property name="sun.java.launcher" value="SUN_STANDARD"/>
    <property name="sun.boot.library.path" value="C:\Program Files\Java\jdk1.8.0_231\jre\bin"/>
    <property name="sun.java.command" value="C:\Users\juf\AppData\Local\Temp\surefire2987829112193577282\surefirebooter2061206230927767004.jar C:\Users\juf\AppData\Local\Temp\surefire2987829112193577282 2020-01-28T17-32-38_184-jvmRun1 surefire6970975338936318306tmp surefire_06171258146944878453tmp"/>
    <property name="surefire.test.class.path" value="C:\Users\juf\git\prototyping0010\unit-tests\target\test-classes;C:\Users\juf\git\prototyping0010\unit-tests\target\classes;C:\Users\juf\git\prototyping0010\application\target\prototyping0010-application-classes.jar;C:\Users\juf\.m2\repository\com\sap\cloud\sdk\cloudplatform\security-servlet\3.11.0\security-servlet-3.11.0.jar;C:\Users\juf\.m2\repository\com\sap\cloud\sdk\cloudplatform\scp-cf\3.11.0\scp-cf-3.11.0.jar;C:\Users\juf\.m2\repository\com\sap\cloud\sdk\cloudplatform\auditlog-scp-cf\3.11.0\auditlog-scp-cf-3.11.0.jar;C:\Users\juf\.m2\repository\com\sap\cloud\sdk\cloudplatform\caching\3.11.0\caching-3.11.0.jar;C:\Users\juf\.m2\repository\com\github\ben-manes\caffeine\caffeine\2.8.0\caffeine-2.8.0.jar;C:\Users\juf\.m2\repository\com\sap\cloud\sdk\cloudplatform\cloudplatform-core-scp-cf\3.11.0\cloudplatform-core-scp-cf-3.11.0.jar;C:\Users\juf\.m2\repository\com\google\code\gson\gson\2.8.6\gson-2.8.6.jar;C:\Users\juf\.m2\repository\com\auth0\java-jwt\3.9.0\java-jwt-3.9.0.jar;C:\Users\juf\.m2\repository\commons-codec\commons-codec\1.13\commons-codec-1.13.jar;C:\Users\juf\.m2\repository\com\sap\cloud\sdk\cloudplatform\cloudplatform-connectivity-scp-cf\3.11.0\cloudplatform-connectivity-scp-cf-3.11.0.jar;C:\Users\juf\.m2\repository\com\sap\cloud\sdk\cloudplatform\cloudplatform-connectivity-scp\3.11.0\cloudplatform-connectivity-scp-3.11.0.jar;C:\Users\juf\.m2\repository\com\sap\cloud\sdk\cloudplatform\resilience\3.11.0\resilience-3.11.0.jar;C:\Users\juf\.m2\repository\com\sap\cloud\sdk\frameworks\resilience4j\3.11.0\resilience4j-3.11.0.jar;C:\Users\juf\.m2\repository\io\github\resilience4j\resilience4j-circuitbreaker\1.2.0\resilience4j-circuitbreaker-1.2.0.jar;C:\Users\juf\.m2\repository\io\github\resilience4j\resilience4j-core\1.2.0\resilience4j-core-1.2.0.jar;C:\Users\juf\.m2\repository\io\github\resilience4j\resilience4j-bulkhead\1.2.0\resilience4j-bulkhead-1.2.0.jar;C:\Users\juf\.m2\repository\io\github\resilience4j\resilience4j-timelimiter\1.2.0\resilience4j-timelimiter-1.2.0.jar;C:\Users\juf\.m2\repository\io\github\resilience4j\resilience4j-cache\1.2.0\resilience4j-cache-1.2.0.jar;C:\Users\juf\.m2\repository\javax\cache\cache-api\1.1.1\cache-api-1.1.1.jar;C:\Users\juf\.m2\repository\io\github\resilience4j\resilience4j-retry\1.2.0\resilience4j-retry-1.2.0.jar;C:\Users\juf\.m2\repository\commons-io\commons-io\2.6\commons-io-2.6.jar;C:\Users\juf\.m2\repository\org\apache\httpcomponents\httpclient\4.5.10\httpclient-4.5.10.jar;C:\Users\juf\.m2\repository\com\sap\cloud\sdk\cloudplatform\security-scp-cf\3.11.0\security-scp-cf-3.11.0.jar;C:\Users\juf\.m2\repository\com\sap\cloud\sdk\cloudplatform\servlet\3.11.0\servlet-3.11.0.jar;C:\Users\juf\.m2\repository\com\sap\cloud\sdk\cloudplatform\tenant-scp-cf\3.11.0\tenant-scp-cf-3.11.0.jar;C:\Users\juf\.m2\repository\com\sap\cloud\sdk\cloudplatform\metering\3.11.0\metering-3.11.0.jar;C:\Users\juf\.m2\repository\com\sap\cloud\sdk\s4hana\s4hana-all\3.11.0\s4hana-all-3.11.0.jar;C:\Users\juf\.m2\repository\com\sap\cloud\sdk\s4hana\s4hana-core\3.11.0\s4hana-core-3.11.0.jar;C:\Users\juf\.m2\repository\com\sap\cloud\sdk\datamodel\fluent-result\3.11.0\fluent-result-3.11.0.jar;C:\Users\juf\.m2\repository\com\sap\cloud\sdk\s4hana\s4hana-connectivity\3.11.0\s4hana-connectivity-3.11.0.jar;C:\Users\juf\.m2\repository\com\sap\cloud\sdk\datamodel\odata-core\3.11.0\odata-core-3.11.0.jar;C:\Users\juf\.m2\repository\com\sap\cloud\servicesdk\odata-v2-lib\1.36.2\odata-v2-lib-1.36.2.jar;C:\Users\juf\.m2\repository\com\sap\cloud\servicesdk\developer_license\1.36.2\developer_license-1.36.2.jar;C:\Users\juf\.m2\repository\org\jsoup\jsoup\1.12.1\jsoup-1.12.1.jar;C:\Users\juf\.m2\repository\org\apache\commons\commons-text\1.8\commons-text-1.8.jar;C:\Users\juf\.m2\repository\com\fasterxml\jackson\core\jackson-core\2.10.1\jackson-core-2.10.1.jar;C:\Users\juf\.m2\repository\joda-time\joda-time\2.10.5\joda-time-2.10.5.jar;C:\Users\juf\.m2\repository\com\sap\cloud\sdk\quality\odata-querylistener\3.11.0\odata-querylistener-3.11.0.jar;C:\Users\juf\.m2\repository\com\sap\cloud\sdk\s4hana\s4hana-api-odata\3.11.0\s4hana-api-odata-3.11.0.jar;C:\Users\juf\.m2\repository\com\sap\cloud\sdk\datamodel\soap\3.11.0\soap-3.11.0.jar;C:\Users\juf\.m2\repository\org\apache\axis2\axis2-adb\1.7.9\axis2-adb-1.7.9.jar;C:\Users\juf\.m2\repository\org\apache\ws\commons\axiom\axiom-dom\1.2.21\axiom-dom-1.2.21.jar;C:\Users\juf\.m2\repository\org\codehaus\woodstox\woodstox-core-asl\4.2.0\woodstox-core-asl-4.2.0.jar;C:\Users\juf\.m2\repository\org\codehaus\woodstox\stax2-api\3.1.1\stax2-api-3.1.1.jar;C:\Users\juf\.m2\repository\org\apache\axis2\axis2-transport-http\1.7.9\axis2-transport-http-1.7.9.jar;C:\Users\juf\.m2\repository\org\apache\axis2\axis2-kernel\1.7.9\axis2-kernel-1.7.9.jar;C:\Users\juf\.m2\repository\org\apache\ws\commons\axiom\axiom-api\1.2.21\axiom-api-1.2.21.jar;C:\Users\juf\.m2\repository\org\apache\geronimo\specs\geronimo-activation_1.1_spec\1.1\geronimo-activation_1.1_spec-1.1.jar;C:\Users\juf\.m2\repository\jaxen\jaxen\1.1.6\jaxen-1.1.6.jar;C:\Users\juf\.m2\repository\org\apache\geronimo\specs\geronimo-stax-api_1.0_spec\1.0.1\geronimo-stax-api_1.0_spec-1.0.1.jar;C:\Users\juf\.m2\repository\org\apache\james\apache-mime4j-core\0.7.2\apache-mime4j-core-0.7.2.jar;C:\Users\juf\.m2\repository\org\apache\ws\commons\axiom\axiom-impl\1.2.21\axiom-impl-1.2.21.jar;C:\Users\juf\.m2\repository\org\apache\geronimo\specs\geronimo-ws-metadata_2.0_spec\1.1.2\geronimo-ws-metadata_2.0_spec-1.1.2.jar;C:\Users\juf\.m2\repository\org\apache\geronimo\specs\geronimo-jta_1.1_spec\1.1\geronimo-jta_1.1_spec-1.1.jar;C:\Users\juf\.m2\repository\commons-fileupload\commons-fileupload\1.3.3\commons-fileupload-1.3.3.jar;C:\Users\juf\.m2\repository\wsdl4j\wsdl4j\1.6.2\wsdl4j-1.6.2.jar;C:\Users\juf\.m2\repository\org\apache\ws\xmlschema\xmlschema-core\2.2.1\xmlschema-core-2.2.1.jar;C:\Users\juf\.m2\repository\org\apache\neethi\neethi\3.0.3\neethi-3.0.3.jar;C:\Users\juf\.m2\repository\org\apache\woden\woden-core\1.0M10\woden-core-1.0M10.jar;C:\Users\juf\.m2\repository\org\apache\axis2\axis2-transport-local\1.7.9\axis2-transport-local-1.7.9.jar;C:\Users\juf\.m2\repository\com\sap\cloud\sdk\s4hana\rfc\3.11.0\rfc-3.11.0.jar;C:\Users\juf\.m2\repository\com\sap\cloud\sdk\quality\common\3.11.0\common-3.11.0.jar;C:\Users\juf\.m2\repository\org\apache\commons\commons-csv\1.7\commons-csv-1.7.jar;C:\Users\juf\.m2\repository\org\json\json\20190722\json-20190722.jar;C:\Users\juf\.m2\repository\com\sap\cloud\servicesdk\odatav2-connectivity-sdk3\1.36.2\odatav2-connectivity-sdk3-1.36.2.jar;C:\Users\juf\.m2\repository\org\apache\commons\commons-lang3\3.9\commons-lang3-3.9.jar;C:\Users\juf\.m2\repository\com\sap\cloud\servicesdk\jacksonutil-sdk3\1.36.2\jacksonutil-sdk3-1.36.2.jar;C:\Users\juf\.m2\repository\com\sap\cloud\servicesdk\prov\api\1.36.2\api-1.36.2.jar;C:\Users\juf\.m2\repository\javax\transaction\javax.transaction-api\1.2\javax.transaction-api-1.2.jar;C:\Users\juf\.m2\repository\commons-beanutils\commons-beanutils\1.9.4\commons-beanutils-1.9.4.jar;C:\Users\juf\.m2\repository\commons-collections\commons-collections\3.2.2\commons-collections-3.2.2.jar;C:\Users\juf\.m2\repository\com\sap\cds\cds4j-api\1.5.0\cds4j-api-1.5.0.jar;C:\Users\juf\.m2\repository\com\sap\cloud\sdk\testutil\testutil-core\3.11.0\testutil-core-3.11.0.jar;C:\Users\juf\.m2\repository\com\sap\cloud\sdk\cloudplatform\auditlog\3.11.0\auditlog-3.11.0.jar;C:\Users\juf\.m2\repository\com\sap\cloud\sdk\cloudplatform\cloudplatform-core\3.11.0\cloudplatform-core-3.11.0.jar;C:\Users\juf\.m2\repository\com\sap\cloud\sdk\cloudplatform\cloudplatform-connectivity\3.11.0\cloudplatform-connectivity-3.11.0.jar;C:\Users\juf\.m2\repository\com\sap\cloud\sdk\cloudplatform\security\3.11.0\security-3.11.0.jar;C:\Users\juf\.m2\repository\com\sap\cloud\sdk\cloudplatform\tenant\3.11.0\tenant-3.11.0.jar;C:\Users\juf\.m2\repository\com\sap\cloud\sdk\testutil\testutil-resources\3.11.0\testutil-resources-3.11.0.jar;C:\Users\juf\.m2\repository\com\google\code\findbugs\jsr305\3.0.2\jsr305-3.0.2.jar;C:\Users\juf\.m2\repository\io\vavr\vavr\0.10.2\vavr-0.10.2.jar;C:\Users\juf\.m2\repository\io\vavr\vavr-match\0.10.2\vavr-match-0.10.2.jar;C:\Users\juf\.m2\repository\com\google\guava\guava\28.2-jre\guava-28.2-jre.jar;C:\Users\juf\.m2\repository\com\google\guava\failureaccess\1.0.1\failureaccess-1.0.1.jar;C:\Users\juf\.m2\repository\com\google\guava\listenablefuture\9999.0-empty-to-avoid-conflict-with-guava\listenablefuture-9999.0-empty-to-avoid-conflict-with-guava.jar;C:\Users\juf\.m2\repository\com\google\j2objc\j2objc-annotations\1.3\j2objc-annotations-1.3.jar;C:\Users\juf\.m2\repository\com\fasterxml\jackson\core\jackson-annotations\2.10.1\jackson-annotations-2.10.1.jar;C:\Users\juf\.m2\repository\com\fasterxml\jackson\core\jackson-databind\2.10.1\jackson-databind-2.10.1.jar;C:\Users\juf\.m2\repository\com\fasterxml\jackson\dataformat\jackson-dataformat-yaml\2.10.1\jackson-dataformat-yaml-2.10.1.jar;C:\Users\juf\.m2\repository\org\yaml\snakeyaml\1.24\snakeyaml-1.24.jar;C:\Users\juf\.m2\repository\com\mikesamuel\json-sanitizer\1.2.0\json-sanitizer-1.2.0.jar;C:\Users\juf\.m2\repository\com\google\errorprone\error_prone_annotations\2.3.4\error_prone_annotations-2.3.4.jar;C:\Users\juf\.m2\repository\org\assertj\assertj-core\3.14.0\assertj-core-3.14.0.jar;C:\Users\juf\.m2\repository\org\mockito\mockito-core\3.2.4\mockito-core-3.2.4.jar;C:\Users\juf\.m2\repository\net\bytebuddy\byte-buddy\1.10.5\byte-buddy-1.10.5.jar;C:\Users\juf\.m2\repository\net\bytebuddy\byte-buddy-agent\1.10.5\byte-buddy-agent-1.10.5.jar;C:\Users\juf\.m2\repository\org\objenesis\objenesis\2.6\objenesis-2.6.jar;C:\Users\juf\.m2\repository\com\github\tomakehurst\wiremock\2.20.0\wiremock-2.20.0.jar;C:\Users\juf\.m2\repository\org\eclipse\jetty\jetty-server\9.4.25.v20191220\jetty-server-9.4.25.v20191220.jar;C:\Users\juf\.m2\repository\javax\servlet\javax.servlet-api\4.0.1\javax.servlet-api-4.0.1.jar;C:\Users\juf\.m2\repository\org\eclipse\jetty\jetty-http\9.4.25.v20191220\jetty-http-9.4.25.v20191220.jar;C:\Users\juf\.m2\repository\org\eclipse\jetty\jetty-io\9.4.25.v20191220\jetty-io-9.4.25.v20191220.jar;C:\Users\juf\.m2\repository\org\eclipse\jetty\jetty-servlet\9.4.25.v20191220\jetty-servlet-9.4.25.v20191220.jar;C:\Users\juf\.m2\repository\org\eclipse\jetty\jetty-security\9.4.25.v20191220\jetty-security-9.4.25.v20191220.jar;C:\Users\juf\.m2\repository\org\eclipse\jetty\jetty-servlets\9.4.25.v20191220\jetty-servlets-9.4.25.v20191220.jar;C:\Users\juf\.m2\repository\org\eclipse\jetty\jetty-continuation\9.4.25.v20191220\jetty-continuation-9.4.25.v20191220.jar;C:\Users\juf\.m2\repository\org\eclipse\jetty\jetty-util\9.4.25.v20191220\jetty-util-9.4.25.v20191220.jar;C:\Users\juf\.m2\repository\org\eclipse\jetty\jetty-webapp\9.4.25.v20191220\jetty-webapp-9.4.25.v20191220.jar;C:\Users\juf\.m2\repository\org\eclipse\jetty\jetty-xml\9.4.25.v20191220\jetty-xml-9.4.25.v20191220.jar;C:\Users\juf\.m2\repository\org\xmlunit\xmlunit-core\2.5.1\xmlunit-core-2.5.1.jar;C:\Users\juf\.m2\repository\org\xmlunit\xmlunit-legacy\2.5.1\xmlunit-legacy-2.5.1.jar;C:\Users\juf\.m2\repository\com\jayway\jsonpath\json-path\2.4.0\json-path-2.4.0.jar;C:\Users\juf\.m2\repository\net\minidev\json-smart\2.3\json-smart-2.3.jar;C:\Users\juf\.m2\repository\net\minidev\accessors-smart\1.2\accessors-smart-1.2.jar;C:\Users\juf\.m2\repository\org\ow2\asm\asm\5.0.4\asm-5.0.4.jar;C:\Users\juf\.m2\repository\net\sf\jopt-simple\jopt-simple\5.0.3\jopt-simple-5.0.3.jar;C:\Users\juf\.m2\repository\com\flipkart\zjsonpatch\zjsonpatch\0.4.4\zjsonpatch-0.4.4.jar;C:\Users\juf\.m2\repository\com\github\jknack\handlebars\4.0.7\handlebars-4.0.7.jar;C:\Users\juf\.m2\repository\org\antlr\antlr4-runtime\4.7.1\antlr4-runtime-4.7.1.jar;C:\Users\juf\.m2\repository\com\github\jknack\handlebars-helpers\4.0.7\handlebars-helpers-4.0.7.jar;C:\Users\juf\.m2\repository\org\apache\httpcomponents\httpcore\4.4.12\httpcore-4.4.12.jar;C:\Users\juf\.m2\repository\org\slf4j\slf4j-api\1.7.26\slf4j-api-1.7.26.jar;C:\Users\juf\.m2\repository\org\slf4j\jcl-over-slf4j\1.7.26\jcl-over-slf4j-1.7.26.jar;C:\Users\juf\.m2\repository\org\slf4j\slf4j-simple\1.7.26\slf4j-simple-1.7.26.jar;C:\Users\juf\.m2\repository\junit\junit\4.13\junit-4.13.jar;C:\Users\juf\.m2\repository\org\hamcrest\hamcrest-core\1.3\hamcrest-core-1.3.jar;"/>
    <property name="sun.cpu.endian" value="little"/>
    <property name="user.home" value="C:\Users\juf"/>
    <property name="user.language" value="ko"/>
    <property name="java.specification.vendor" value="Oracle Corporation"/>
    <property name="java.home" value="C:\Program Files\Java\jdk1.8.0_231\jre"/>
    <property name="basedir" value="C:\Users\juf\git\prototyping0010\unit-tests"/>
    <property name="file.separator" value="\"/>
    <property name="line.separator" value="&#10;"/>
    <property name="java.vm.specification.vendor" value="Oracle Corporation"/>
    <property name="java.specification.name" value="Java Platform API Specification"/>
    <property name="java.awt.graphicsenv" value="sun.awt.Win32GraphicsEnvironment"/>
    <property name="surefire.real.class.path" value="C:\Users\juf\AppData\Local\Temp\surefire2987829112193577282\surefirebooter2061206230927767004.jar;C:\\Users\\juf\\.m2\\repository\\org\\jacoco\\org.jacoco.agent\\0.8.2\\org.jacoco.agent-0.8.2-runtime.jar"/>
    <property name="sun.boot.class.path" value="C:\Program Files\Java\jdk1.8.0_231\jre\lib\resources.jar;C:\Program Files\Java\jdk1.8.0_231\jre\lib\rt.jar;C:\Program Files\Java\jdk1.8.0_231\jre\lib\sunrsasign.jar;C:\Program Files\Java\jdk1.8.0_231\jre\lib\jsse.jar;C:\Program Files\Java\jdk1.8.0_231\jre\lib\jce.jar;C:\Program Files\Java\jdk1.8.0_231\jre\lib\charsets.jar;C:\Program Files\Java\jdk1.8.0_231\jre\lib\jfr.jar;C:\Program Files\Java\jdk1.8.0_231\jre\classes"/>
    <property name="user.script" value=""/>
    <property name="sun.management.compiler" value="HotSpot 64-Bit Tiered Compilers"/>
    <property name="java.runtime.version" value="1.8.0_231-b11"/>
    <property name="user.name" value="juf"/>
    <property name="path.separator" value=";"/>
    <property name="os.version" value="10.0"/>
    <property name="java.endorsed.dirs" value="C:\Program Files\Java\jdk1.8.0_231\jre\lib\endorsed"/>
    <property name="java.runtime.name" value="Java(TM) SE Runtime Environment"/>
    <property name="file.encoding" value="MS949"/>
    <property name="java.vm.name" value="Java HotSpot(TM) 64-Bit Server VM"/>
    <property name="localRepository" value="C:\Users\juf\.m2\repository"/>
    <property name="java.vendor.url.bug" value="http://bugreport.sun.com/bugreport/"/>
    <property name="java.io.tmpdir" value="C:\Users\juf\AppData\Local\Temp\"/>
    <property name="java.version" value="1.8.0_231"/>
    <property name="user.dir" value="C:\Users\juf\git\prototyping0010\unit-tests"/>
    <property name="os.arch" value="amd64"/>
    <property name="surefire.forkDir" value="C:\Users\juf\git\prototyping0010\unit-tests\target/surefire-fork/1/"/>
    <property name="java.vm.specification.name" value="Java Virtual Machine Specification"/>
    <property name="java.awt.printerjob" value="sun.awt.windows.WPrinterJob"/>
    <property name="sun.os.patch.level" value=""/>
    <property name="org.slf4j.simpleLogger.defaultLogLevel" value="info"/>
    <property name="java.library.path" value="C:\Program Files\Java\jdk1.8.0_231\jre\bin;C:\WINDOWS\Sun\Java\bin;C:\WINDOWS\system32;C:\WINDOWS;C:/Program Files/Java/jre1.8.0_231/bin/server;C:/Program Files/Java/jre1.8.0_231/bin;C:/Program Files/Java/jre1.8.0_231/lib/amd64;C:\Program Files (x86)\Common Files\Oracle\Java\javapath;C:\WINDOWS\system32;C:\WINDOWS;C:\WINDOWS\System32\Wbem;C:\WINDOWS\System32\WindowsPowerShell\v1.0\;C:\WINDOWS\System32\OpenSSH\;C:\Program Files\Cloud Foundry;C:\ProgramData\chocolatey\bin;C:\Program Files\nodejs\;C:\ProgramData\chocolatey\lib\maven\apache-maven-3.6.3\bin;C:\Users\juf\AppData\Local\Microsoft\WindowsApps;C:\Users\juf\AppData\Local\Programs\Microsoft VS Code\bin;C:\Users\juf\AppData\Roaming\npm;C:\DEV\spring-2.2.2.RELEASE.CLI\bin;;C:\DEV\eclipse;;."/>
    <property name="java.vm.info" value="mixed mode"/>
    <property name="java.vendor" value="Oracle Corporation"/>
    <property name="java.vm.version" value="25.231-b11"/>
    <property name="java.ext.dirs" value="C:\Program Files\Java\jdk1.8.0_231\jre\lib\ext;C:\WINDOWS\Sun\Java\lib\ext"/>
    <property name="sun.io.unicode.encoding" value="UnicodeLittle"/>
    <property name="java.class.version" value="52.0"/>
  </properties>
  <testcase name="test" classname="sk.prototyping.UnitTest" time="0.01"/>
</testsuite>