<?xml version="1.0" encoding="UTF-8"?>
<testsuite xmlns:xsi="http://www.w3.org/2001/XMLSchema-instance" xsi:noNamespaceSchemaLocation="https://maven.apache.org/surefire/maven-surefire-plugin/xsd/surefire-test-report-3.0.xsd" version="3.0" name="sk.prototyping.HelloWorldServletTest" time="17.427" tests="1" errors="0" skipped="0" failures="0">
  <properties>
    <property name="sun.desktop" value="windows"/>
    <property name="awt.toolkit" value="sun.awt.windows.WToolkit"/>
    <property name="file.encoding.pkg" value="sun.io"/>
    <property name="java.specification.version" value="1.8"/>
    <property name="sun.cpu.isalist" value="amd64"/>
    <property name="sun.jnu.encoding" value="MS949"/>
    <property name="java.class.path" value="C:\Users\juf\git\prototyping0010\integration-tests\target\test-classes;C:\Users\juf\git\prototyping0010\integration-tests\target\classes;C:\Users\juf\git\prototyping0010\application\target\prototyping0010-application-classes.jar;C:\Users\juf\.m2\repository\com\sap\cloud\sdk\cloudplatform\security-servlet\3.11.0\security-servlet-3.11.0.jar;C:\Users\juf\.m2\repository\com\sap\cloud\sdk\cloudplatform\scp-cf\3.11.0\scp-cf-3.11.0.jar;C:\Users\juf\.m2\repository\com\sap\cloud\sdk\cloudplatform\auditlog-scp-cf\3.11.0\auditlog-scp-cf-3.11.0.jar;C:\Users\juf\.m2\repository\com\sap\cloud\sdk\cloudplatform\caching\3.11.0\caching-3.11.0.jar;C:\Users\juf\.m2\repository\com\github\ben-manes\caffeine\caffeine\2.8.0\caffeine-2.8.0.jar;C:\Users\juf\.m2\repository\com\sap\cloud\sdk\cloudplatform\cloudplatform-core-scp-cf\3.11.0\cloudplatform-core-scp-cf-3.11.0.jar;C:\Users\juf\.m2\repository\com\google\code\gson\gson\2.8.6\gson-2.8.6.jar;C:\Users\juf\.m2\repository\com\auth0\java-jwt\3.9.0\java-jwt-3.9.0.jar;C:\Users\juf\.m2\repository\com\sap\cloud\sdk\cloudplatform\cloudplatform-connectivity-scp-cf\3.11.0\cloudplatform-connectivity-scp-cf-3.11.0.jar;C:\Users\juf\.m2\repository\com\sap\cloud\sdk\cloudplatform\cloudplatform-connectivity-scp\3.11.0\cloudplatform-connectivity-scp-3.11.0.jar;C:\Users\juf\.m2\repository\com\sap\cloud\sdk\cloudplatform\resilience\3.11.0\resilience-3.11.0.jar;C:\Users\juf\.m2\repository\com\sap\cloud\sdk\frameworks\resilience4j\3.11.0\resilience4j-3.11.0.jar;C:\Users\juf\.m2\repository\io\github\resilience4j\resilience4j-circuitbreaker\1.2.0\resilience4j-circuitbreaker-1.2.0.jar;C:\Users\juf\.m2\repository\io\github\resilience4j\resilience4j-core\1.2.0\resilience4j-core-1.2.0.jar;C:\Users\juf\.m2\repository\io\github\resilience4j\resilience4j-bulkhead\1.2.0\resilience4j-bulkhead-1.2.0.jar;C:\Users\juf\.m2\repository\io\github\resilience4j\resilience4j-timelimiter\1.2.0\resilience4j-timelimiter-1.2.0.jar;C:\Users\juf\.m2\repository\io\github\resilience4j\resilience4j-cache\1.2.0\resilience4j-cache-1.2.0.jar;C:\Users\juf\.m2\repository\javax\cache\cache-api\1.1.1\cache-api-1.1.1.jar;C:\Users\juf\.m2\repository\io\github\resilience4j\resilience4j-retry\1.2.0\resilience4j-retry-1.2.0.jar;C:\Users\juf\.m2\repository\commons-io\commons-io\2.6\commons-io-2.6.jar;C:\Users\juf\.m2\repository\com\sap\cloud\sdk\cloudplatform\security-scp-cf\3.11.0\security-scp-cf-3.11.0.jar;C:\Users\juf\.m2\repository\com\sap\cloud\sdk\cloudplatform\servlet\3.11.0\servlet-3.11.0.jar;C:\Users\juf\.m2\repository\com\sap\cloud\sdk\cloudplatform\tenant-scp-cf\3.11.0\tenant-scp-cf-3.11.0.jar;C:\Users\juf\.m2\repository\com\sap\cloud\sdk\cloudplatform\metering\3.11.0\metering-3.11.0.jar;C:\Users\juf\.m2\repository\com\sap\cloud\sdk\s4hana\s4hana-all\3.11.0\s4hana-all-3.11.0.jar;C:\Users\juf\.m2\repository\com\sap\cloud\sdk\s4hana\s4hana-core\3.11.0\s4hana-core-3.11.0.jar;C:\Users\juf\.m2\repository\com\sap\cloud\sdk\datamodel\fluent-result\3.11.0\fluent-result-3.11.0.jar;C:\Users\juf\.m2\repository\com\sap\cloud\sdk\s4hana\s4hana-connectivity\3.11.0\s4hana-connectivity-3.11.0.jar;C:\Users\juf\.m2\repository\com\sap\cloud\sdk\datamodel\odata-core\3.11.0\odata-core-3.11.0.jar;C:\Users\juf\.m2\repository\com\sap\cloud\servicesdk\odata-v2-lib\1.36.2\odata-v2-lib-1.36.2.jar;C:\Users\juf\.m2\repository\com\sap\cloud\servicesdk\developer_license\1.36.2\developer_license-1.36.2.jar;C:\Users\juf\.m2\repository\org\jsoup\jsoup\1.12.1\jsoup-1.12.1.jar;C:\Users\juf\.m2\repository\org\apache\commons\commons-text\1.8\commons-text-1.8.jar;C:\Users\juf\.m2\repository\com\fasterxml\jackson\core\jackson-core\2.10.1\jackson-core-2.10.1.jar;C:\Users\juf\.m2\repository\joda-time\joda-time\2.10.5\joda-time-2.10.5.jar;C:\Users\juf\.m2\repository\com\sap\cloud\sdk\quality\odata-querylistener\3.11.0\odata-querylistener-3.11.0.jar;C:\Users\juf\.m2\repository\com\sap\cloud\sdk\s4hana\s4hana-api-odata\3.11.0\s4hana-api-odata-3.11.0.jar;C:\Users\juf\.m2\repository\com\sap\cloud\sdk\datamodel\soap\3.11.0\soap-3.11.0.jar;C:\Users\juf\.m2\repository\org\apache\axis2\axis2-adb\1.7.9\axis2-adb-1.7.9.jar;C:\Users\juf\.m2\repository\org\apache\ws\commons\axiom\axiom-dom\1.2.21\axiom-dom-1.2.21.jar;C:\Users\juf\.m2\repository\org\codehaus\woodstox\woodstox-core-asl\4.2.0\woodstox-core-asl-4.2.0.jar;C:\Users\juf\.m2\repository\org\codehaus\woodstox\stax2-api\3.1.1\stax2-api-3.1.1.jar;C:\Users\juf\.m2\repository\org\apache\axis2\axis2-transport-http\1.7.9\axis2-transport-http-1.7.9.jar;C:\Users\juf\.m2\repository\org\apache\axis2\axis2-kernel\1.7.9\axis2-kernel-1.7.9.jar;C:\Users\juf\.m2\repository\org\apache\ws\commons\axiom\axiom-api\1.2.21\axiom-api-1.2.21.jar;C:\Users\juf\.m2\repository\org\apache\geronimo\specs\geronimo-activation_1.1_spec\1.1\geronimo-activation_1.1_spec-1.1.jar;C:\Users\juf\.m2\repository\jaxen\jaxen\1.1.6\jaxen-1.1.6.jar;C:\Users\juf\.m2\repository\org\apache\geronimo\specs\geronimo-stax-api_1.0_spec\1.0.1\geronimo-stax-api_1.0_spec-1.0.1.jar;C:\Users\juf\.m2\repository\org\apache\james\apache-mime4j-core\0.7.2\apache-mime4j-core-0.7.2.jar;C:\Users\juf\.m2\repository\org\apache\ws\commons\axiom\axiom-impl\1.2.21\axiom-impl-1.2.21.jar;C:\Users\juf\.m2\repository\org\apache\geronimo\specs\geronimo-ws-metadata_2.0_spec\1.1.2\geronimo-ws-metadata_2.0_spec-1.1.2.jar;C:\Users\juf\.m2\repository\org\apache\geronimo\specs\geronimo-jta_1.1_spec\1.1\geronimo-jta_1.1_spec-1.1.jar;C:\Users\juf\.m2\repository\commons-fileupload\commons-fileupload\1.3.3\commons-fileupload-1.3.3.jar;C:\Users\juf\.m2\repository\wsdl4j\wsdl4j\1.6.2\wsdl4j-1.6.2.jar;C:\Users\juf\.m2\repository\org\apache\ws\xmlschema\xmlschema-core\2.2.1\xmlschema-core-2.2.1.jar;C:\Users\juf\.m2\repository\org\apache\neethi\neethi\3.0.3\neethi-3.0.3.jar;C:\Users\juf\.m2\repository\org\apache\woden\woden-core\1.0M10\woden-core-1.0M10.jar;C:\Users\juf\.m2\repository\org\apache\axis2\axis2-transport-local\1.7.9\axis2-transport-local-1.7.9.jar;C:\Users\juf\.m2\repository\com\sap\cloud\sdk\s4hana\rfc\3.11.0\rfc-3.11.0.jar;C:\Users\juf\.m2\repository\com\sap\cloud\sdk\quality\common\3.11.0\common-3.11.0.jar;C:\Users\juf\.m2\repository\org\apache\commons\commons-csv\1.7\commons-csv-1.7.jar;C:\Users\juf\.m2\repository\org\json\json\20190722\json-20190722.jar;C:\Users\juf\.m2\repository\com\sap\cloud\servicesdk\odatav2-connectivity-sdk3\1.36.2\odatav2-connectivity-sdk3-1.36.2.jar;C:\Users\juf\.m2\repository\org\apache\commons\commons-lang3\3.9\commons-lang3-3.9.jar;C:\Users\juf\.m2\repository\com\sap\cloud\servicesdk\jacksonutil-sdk3\1.36.2\jacksonutil-sdk3-1.36.2.jar;C:\Users\juf\.m2\repository\com\sap\cloud\servicesdk\prov\api\1.36.2\api-1.36.2.jar;C:\Users\juf\.m2\repository\javax\transaction\javax.transaction-api\1.2\javax.transaction-api-1.2.jar;C:\Users\juf\.m2\repository\com\sap\cds\cds4j-api\1.5.0\cds4j-api-1.5.0.jar;C:\Users\juf\.m2\repository\com\sap\cloud\sdk\testutil\testutil-core\3.11.0\testutil-core-3.11.0.jar;C:\Users\juf\.m2\repository\com\sap\cloud\sdk\cloudplatform\auditlog\3.11.0\auditlog-3.11.0.jar;C:\Users\juf\.m2\repository\com\sap\cloud\sdk\cloudplatform\cloudplatform-core\3.11.0\cloudplatform-core-3.11.0.jar;C:\Users\juf\.m2\repository\com\sap\cloud\sdk\cloudplatform\cloudplatform-connectivity\3.11.0\cloudplatform-connectivity-3.11.0.jar;C:\Users\juf\.m2\repository\com\sap\cloud\sdk\cloudplatform\security\3.11.0\security-3.11.0.jar;C:\Users\juf\.m2\repository\com\sap\cloud\sdk\cloudplatform\tenant\3.11.0\tenant-3.11.0.jar;C:\Users\juf\.m2\repository\com\sap\cloud\sdk\testutil\testutil-resources\3.11.0\testutil-resources-3.11.0.jar;C:\Users\juf\.m2\repository\com\google\code\findbugs\jsr305\3.0.2\jsr305-3.0.2.jar;C:\Users\juf\.m2\repository\io\vavr\vavr\0.10.2\vavr-0.10.2.jar;C:\Users\juf\.m2\repository\io\vavr\vavr-match\0.10.2\vavr-match-0.10.2.jar;C:\Users\juf\.m2\repository\com\google\guava\guava\28.2-jre\guava-28.2-jre.jar;C:\Users\juf\.m2\repository\com\google\guava\failureaccess\1.0.1\failureaccess-1.0.1.jar;C:\Users\juf\.m2\repository\com\google\guava\listenablefuture\9999.0-empty-to-avoid-conflict-with-guava\listenablefuture-9999.0-empty-to-avoid-conflict-with-guava.jar;C:\Users\juf\.m2\repository\com\google\j2objc\j2objc-annotations\1.3\j2objc-annotations-1.3.jar;C:\Users\juf\.m2\repository\com\fasterxml\jackson\core\jackson-annotations\2.10.1\jackson-annotations-2.10.1.jar;C:\Users\juf\.m2\repository\com\fasterxml\jackson\core\jackson-databind\2.10.1\jackson-databind-2.10.1.jar;C:\Users\juf\.m2\repository\com\fasterxml\jackson\dataformat\jackson-dataformat-yaml\2.10.1\jackson-dataformat-yaml-2.10.1.jar;C:\Users\juf\.m2\repository\org\yaml\snakeyaml\1.24\snakeyaml-1.24.jar;C:\Users\juf\.m2\repository\com\mikesamuel\json-sanitizer\1.2.0\json-sanitizer-1.2.0.jar;C:\Users\juf\.m2\repository\com\google\errorprone\error_prone_annotations\2.3.4\error_prone_annotations-2.3.4.jar;C:\Users\juf\.m2\repository\org\assertj\assertj-core\3.14.0\assertj-core-3.14.0.jar;C:\Users\juf\.m2\repository\org\mockito\mockito-core\3.2.4\mockito-core-3.2.4.jar;C:\Users\juf\.m2\repository\net\bytebuddy\byte-buddy\1.10.5\byte-buddy-1.10.5.jar;C:\Users\juf\.m2\repository\net\bytebuddy\byte-buddy-agent\1.10.5\byte-buddy-agent-1.10.5.jar;C:\Users\juf\.m2\repository\org\objenesis\objenesis\2.6\objenesis-2.6.jar;C:\Users\juf\.m2\repository\com\github\tomakehurst\wiremock\2.20.0\wiremock-2.20.0.jar;C:\Users\juf\.m2\repository\org\eclipse\jetty\jetty-server\9.4.25.v20191220\jetty-server-9.4.25.v20191220.jar;C:\Users\juf\.m2\repository\javax\servlet\javax.servlet-api\4.0.1\javax.servlet-api-4.0.1.jar;C:\Users\juf\.m2\repository\org\eclipse\jetty\jetty-http\9.4.25.v20191220\jetty-http-9.4.25.v20191220.jar;C:\Users\juf\.m2\repository\org\eclipse\jetty\jetty-io\9.4.25.v20191220\jetty-io-9.4.25.v20191220.jar;C:\Users\juf\.m2\repository\org\eclipse\jetty\jetty-servlet\9.4.25.v20191220\jetty-servlet-9.4.25.v20191220.jar;C:\Users\juf\.m2\repository\org\eclipse\jetty\jetty-security\9.4.25.v20191220\jetty-security-9.4.25.v20191220.jar;C:\Users\juf\.m2\repository\org\eclipse\jetty\jetty-servlets\9.4.25.v20191220\jetty-servlets-9.4.25.v20191220.jar;C:\Users\juf\.m2\repository\org\eclipse\jetty\jetty-continuation\9.4.25.v20191220\jetty-continuation-9.4.25.v20191220.jar;C:\Users\juf\.m2\repository\org\eclipse\jetty\jetty-util\9.4.25.v20191220\jetty-util-9.4.25.v20191220.jar;C:\Users\juf\.m2\repository\org\eclipse\jetty\jetty-webapp\9.4.25.v20191220\jetty-webapp-9.4.25.v20191220.jar;C:\Users\juf\.m2\repository\org\eclipse\jetty\jetty-xml\9.4.25.v20191220\jetty-xml-9.4.25.v20191220.jar;C:\Users\juf\.m2\repository\org\xmlunit\xmlunit-core\2.5.1\xmlunit-core-2.5.1.jar;C:\Users\juf\.m2\repository\org\xmlunit\xmlunit-legacy\2.5.1\xmlunit-legacy-2.5.1.jar;C:\Users\juf\.m2\repository\com\jayway\jsonpath\json-path\2.4.0\json-path-2.4.0.jar;C:\Users\juf\.m2\repository\net\minidev\json-smart\2.3\json-smart-2.3.jar;C:\Users\juf\.m2\repository\net\minidev\accessors-smart\1.2\accessors-smart-1.2.jar;C:\Users\juf\.m2\repository\org\ow2\asm\asm\5.0.4\asm-5.0.4.jar;C:\Users\juf\.m2\repository\net\sf\jopt-simple\jopt-simple\5.0.3\jopt-simple-5.0.3.jar;C:\Users\juf\.m2\repository\com\flipkart\zjsonpatch\zjsonpatch\0.4.4\zjsonpatch-0.4.4.jar;C:\Users\juf\.m2\repository\com\github\jknack\handlebars\4.0.7\handlebars-4.0.7.jar;C:\Users\juf\.m2\repository\org\antlr\antlr4-runtime\4.7.1\antlr4-runtime-4.7.1.jar;C:\Users\juf\.m2\repository\com\github\jknack\handlebars-helpers\4.0.7\handlebars-helpers-4.0.7.jar;C:\Users\juf\.m2\repository\org\apache\httpcomponents\httpcore\4.4.12\httpcore-4.4.12.jar;C:\Users\juf\.m2\repository\org\slf4j\slf4j-api\1.7.26\slf4j-api-1.7.26.jar;C:\Users\juf\.m2\repository\org\slf4j\jcl-over-slf4j\1.7.26\jcl-over-slf4j-1.7.26.jar;C:\Users\juf\.m2\repository\org\slf4j\slf4j-simple\1.7.26\slf4j-simple-1.7.26.jar;C:\Users\juf\.m2\repository\junit\junit\4.13\junit-4.13.jar;C:\Users\juf\.m2\repository\org\hamcrest\hamcrest-core\1.3\hamcrest-core-1.3.jar;C:\Users\juf\.m2\repository\io\rest-assured\rest-assured\4.0.0\rest-assured-4.0.0.jar;C:\Users\juf\.m2\repository\org\codehaus\groovy\groovy\2.5.6\groovy-2.5.6.jar;C:\Users\juf\.m2\repository\org\codehaus\groovy\groovy-xml\2.5.6\groovy-xml-2.5.6.jar;C:\Users\juf\.m2\repository\org\apache\httpcomponents\httpclient\4.5.10\httpclient-4.5.10.jar;C:\Users\juf\.m2\repository\commons-codec\commons-codec\1.13\commons-codec-1.13.jar;C:\Users\juf\.m2\repository\org\apache\httpcomponents\httpmime\4.5.3\httpmime-4.5.3.jar;C:\Users\juf\.m2\repository\org\ccil\cowan\tagsoup\tagsoup\1.2.1\tagsoup-1.2.1.jar;C:\Users\juf\.m2\repository\io\rest-assured\json-path\4.0.0\json-path-4.0.0.jar;C:\Users\juf\.m2\repository\org\codehaus\groovy\groovy-json\2.5.6\groovy-json-2.5.6.jar;C:\Users\juf\.m2\repository\io\rest-assured\rest-assured-common\4.0.0\rest-assured-common-4.0.0.jar;C:\Users\juf\.m2\repository\io\rest-assured\xml-path\4.0.0\xml-path-4.0.0.jar;C:\Users\juf\.m2\repository\javax\xml\bind\jaxb-api\2.2.12\jaxb-api-2.2.12.jar;C:\Users\juf\.m2\repository\com\sun\xml\bind\jaxb-osgi\2.2.10\jaxb-osgi-2.2.10.jar;C:\Users\juf\.m2\repository\org\apache\sling\org.apache.sling.javax.activation\0.1.0\org.apache.sling.javax.activation-0.1.0.jar;C:\Users\juf\.m2\repository\javax\activation\activation\1.1.1\activation-1.1.1.jar;C:\Users\juf\.m2\repository\org\apache\tomee\arquillian-tomee-embedded\7.0.6\arquillian-tomee-embedded-7.0.6.jar;C:\Users\juf\.m2\repository\org\apache\tomee\arquillian-openejb-transaction-provider\7.0.6\arquillian-openejb-transaction-provider-7.0.6.jar;C:\Users\juf\.m2\repository\org\jboss\arquillian\extension\arquillian-transaction-impl-base\1.0.1.Final\arquillian-transaction-impl-base-1.0.1.Final.jar;C:\Users\juf\.m2\repository\org\jboss\arquillian\extension\arquillian-transaction-api\1.0.1.Final\arquillian-transaction-api-1.0.1.Final.jar;C:\Users\juf\.m2\repository\org\jboss\arquillian\extension\arquillian-transaction-spi\1.0.1.Final\arquillian-transaction-spi-1.0.1.Final.jar;C:\Users\juf\.m2\repository\org\jboss\arquillian\test\arquillian-test-spi\1.5.0.Final\arquillian-test-spi-1.5.0.Final.jar;C:\Users\juf\.m2\repository\org\jboss\arquillian\core\arquillian-core-spi\1.5.0.Final\arquillian-core-spi-1.5.0.Final.jar;C:\Users\juf\.m2\repository\org\jboss\arquillian\core\arquillian-core-api\1.5.0.Final\arquillian-core-api-1.5.0.Final.jar;C:\Users\juf\.m2\repository\org\jboss\arquillian\container\arquillian-container-spi\1.5.0.Final\arquillian-container-spi-1.5.0.Final.jar;C:\Users\juf\.m2\repository\org\jboss\arquillian\config\arquillian-config-api\1.5.0.Final\arquillian-config-api-1.5.0.Final.jar;C:\Users\juf\.m2\repository\org\jboss\arquillian\config\arquillian-config-impl-base\1.5.0.Final\arquillian-config-impl-base-1.5.0.Final.jar;C:\Users\juf\.m2\repository\org\jboss\arquillian\config\arquillian-config-spi\1.5.0.Final\arquillian-config-spi-1.5.0.Final.jar;C:\Users\juf\.m2\repository\org\jboss\shrinkwrap\shrinkwrap-api\1.2.6\shrinkwrap-api-1.2.6.jar;C:\Users\juf\.m2\repository\org\jboss\arquillian\container\arquillian-container-test-spi\1.5.0.Final\arquillian-container-test-spi-1.5.0.Final.jar;C:\Users\juf\.m2\repository\org\jboss\arquillian\container\arquillian-container-test-api\1.5.0.Final\arquillian-container-test-api-1.5.0.Final.jar;C:\Users\juf\.m2\repository\org\jboss\arquillian\junit\arquillian-junit-container\1.5.0.Final\arquillian-junit-container-1.5.0.Final.jar;C:\Users\juf\.m2\repository\org\jboss\arquillian\junit\arquillian-junit-core\1.5.0.Final\arquillian-junit-core-1.5.0.Final.jar;C:\Users\juf\.m2\repository\org\jboss\arquillian\test\arquillian-test-api\1.5.0.Final\arquillian-test-api-1.5.0.Final.jar;C:\Users\juf\.m2\repository\org\jboss\arquillian\core\arquillian-core-impl-base\1.5.0.Final\arquillian-core-impl-base-1.5.0.Final.jar;C:\Users\juf\.m2\repository\org\jboss\arquillian\test\arquillian-test-impl-base\1.5.0.Final\arquillian-test-impl-base-1.5.0.Final.jar;C:\Users\juf\.m2\repository\org\jboss\arquillian\container\arquillian-container-impl-base\1.5.0.Final\arquillian-container-impl-base-1.5.0.Final.jar;C:\Users\juf\.m2\repository\org\jboss\arquillian\container\arquillian-container-test-impl-base\1.5.0.Final\arquillian-container-test-impl-base-1.5.0.Final.jar;C:\Users\juf\.m2\repository\org\jboss\shrinkwrap\shrinkwrap-impl-base\1.2.6\shrinkwrap-impl-base-1.2.6.jar;C:\Users\juf\.m2\repository\org\jboss\shrinkwrap\shrinkwrap-spi\1.2.6\shrinkwrap-spi-1.2.6.jar;C:\Users\juf\.m2\repository\org\apache\myfaces\core\myfaces-api\2.2.12\myfaces-api-2.2.12.jar;C:\Users\juf\.m2\repository\org\apache\geronimo\specs\geronimo-atinject_1.0_spec\1.0\geronimo-atinject_1.0_spec-1.0.jar;C:\Users\juf\.m2\repository\org\jboss\shrinkwrap\descriptors\shrinkwrap-descriptors-impl-javaee\2.0.0\shrinkwrap-descriptors-impl-javaee-2.0.0.jar;C:\Users\juf\.m2\repository\org\jboss\shrinkwrap\descriptors\shrinkwrap-descriptors-impl-base\2.0.0\shrinkwrap-descriptors-impl-base-2.0.0.jar;C:\Users\juf\.m2\repository\org\jboss\shrinkwrap\descriptors\shrinkwrap-descriptors-spi\2.0.0\shrinkwrap-descriptors-spi-2.0.0.jar;C:\Users\juf\.m2\repository\org\jboss\shrinkwrap\descriptors\shrinkwrap-descriptors-api-javaee\2.0.0\shrinkwrap-descriptors-api-javaee-2.0.0.jar;C:\Users\juf\.m2\repository\org\jboss\shrinkwrap\descriptors\shrinkwrap-descriptors-api-base\2.0.0\shrinkwrap-descriptors-api-base-2.0.0.jar;C:\Users\juf\.m2\repository\org\apache\tomee\javaee-api\7.0-1\javaee-api-7.0-1.jar;C:\Users\juf\.m2\repository\org\apache\tomee\arquillian-tomee-common\7.0.6\arquillian-tomee-common-7.0.6.jar;C:\Users\juf\.m2\repository\org\apache\tomee\arquillian-common\7.0.6\arquillian-common-7.0.6.jar;C:\Users\juf\.m2\repository\org\codehaus\swizzle\swizzle-stream\1.6.2\swizzle-stream-1.6.2.jar;C:\Users\juf\.m2\repository\org\apache\tomee\tomee-embedded\7.0.6\tomee-embedded-7.0.6.jar;C:\Users\juf\.m2\repository\org\apache\tomee\tomee-catalina\7.0.6\tomee-catalina-7.0.6.jar;C:\Users\juf\.m2\repository\org\apache\tomee\tomee-jdbc\7.0.6\tomee-jdbc-7.0.6.jar;C:\Users\juf\.m2\repository\org\apache\tomee\tomee-juli\7.0.6\tomee-juli-7.0.6.jar;C:\Users\juf\.m2\repository\org\apache\tomee\tomee-util\7.0.6\tomee-util-7.0.6.jar;C:\Users\juf\.m2\repository\org\apache\tomee\javaee-api\7.0-1\javaee-api-7.0-1-tomcat.jar;C:\Users\juf\.m2\repository\org\apache\tomcat\tomcat-websocket-api\8.5.41\tomcat-websocket-api-8.5.41.jar;C:\Users\juf\.m2\repository\org\apache\tomee\tomee-myfaces\7.0.6\tomee-myfaces-7.0.6.jar;C:\Users\juf\.m2\repository\org\apache\openwebbeans\openwebbeans-jsf\1.7.6\openwebbeans-jsf-1.7.6.jar;C:\Users\juf\.m2\repository\org\apache\openwebbeans\openwebbeans-impl\1.7.6\openwebbeans-impl-1.7.6.jar;C:\Users\juf\.m2\repository\org\apache\openwebbeans\openwebbeans-web\1.7.6\openwebbeans-web-1.7.6.jar;C:\Users\juf\.m2\repository\org\apache\openwebbeans\openwebbeans-el22\1.7.6\openwebbeans-el22-1.7.6.jar;C:\Users\juf\.m2\repository\org\apache\tomee\openejb-core\7.0.6\openejb-core-7.0.6.jar;C:\Users\juf\.m2\repository\org\apache\tomee\mbean-annotation-api\7.0.6\mbean-annotation-api-7.0.6.jar;C:\Users\juf\.m2\repository\org\apache\tomee\openejb-jpa-integration\7.0.6\openejb-jpa-integration-7.0.6.jar;C:\Users\juf\.m2\repository\org\apache\tomee\openejb-api\7.0.6\openejb-api-7.0.6.jar;C:\Users\juf\.m2\repository\org\apache\tomee\openejb-loader\7.0.6\openejb-loader-7.0.6.jar;C:\Users\juf\.m2\repository\org\apache\tomee\openejb-javaagent\7.0.6\openejb-javaagent-7.0.6.jar;C:\Users\juf\.m2\repository\org\apache\tomee\openejb-jee\7.0.6\openejb-jee-7.0.6.jar;C:\Users\juf\.m2\repository\org\apache\tomee\openejb-jee-accessors\7.0.6\openejb-jee-accessors-7.0.6.jar;C:\Users\juf\.m2\repository\org\metatype\sxc\sxc-jaxb-core\0.8\sxc-jaxb-core-0.8.jar;C:\Users\juf\.m2\repository\org\metatype\sxc\sxc-runtime\0.8\sxc-runtime-0.8.jar;C:\Users\juf\.m2\repository\commons-cli\commons-cli\1.2\commons-cli-1.2.jar;C:\Users\juf\.m2\repository\commons-collections\commons-collections\3.2.2\commons-collections-3.2.2.jar;C:\Users\juf\.m2\repository\org\apache\activemq\activemq-ra\5.14.5\activemq-ra-5.14.5.jar;C:\Users\juf\.m2\repository\org\apache\activemq\activemq-kahadb-store\5.14.5\activemq-kahadb-store-5.14.5.jar;C:\Users\juf\.m2\repository\org\apache\activemq\protobuf\activemq-protobuf\1.1\activemq-protobuf-1.1.jar;C:\Users\juf\.m2\repository\org\apache\activemq\activemq-broker\5.14.5\activemq-broker-5.14.5.jar;C:\Users\juf\.m2\repository\org\apache\activemq\activemq-client\5.14.5\activemq-client-5.14.5.jar;C:\Users\juf\.m2\repository\org\fusesource\hawtbuf\hawtbuf\1.11\hawtbuf-1.11.jar;C:\Users\juf\.m2\repository\org\apache\activemq\activemq-openwire-legacy\5.14.5\activemq-openwire-legacy-5.14.5.jar;C:\Users\juf\.m2\repository\org\apache\activemq\activemq-jdbc-store\5.14.5\activemq-jdbc-store-5.14.5.jar;C:\Users\juf\.m2\repository\org\apache\geronimo\components\geronimo-connector\3.1.4\geronimo-connector-3.1.4.jar;C:\Users\juf\.m2\repository\org\apache\geronimo\components\geronimo-transaction\3.1.4\geronimo-transaction-3.1.4.jar;C:\Users\juf\.m2\repository\org\objectweb\howl\howl\1.0.1-1\howl-1.0.1-1.jar;C:\Users\juf\.m2\repository\org\apache\geronimo\javamail\geronimo-javamail_1.4_mail\1.9.0-alpha-2\geronimo-javamail_1.4_mail-1.9.0-alpha-2.jar;C:\Users\juf\.m2\repository\org\apache\xbean\xbean-asm7-shaded\4.14\xbean-asm7-shaded-4.14.jar;C:\Users\juf\.m2\repository\org\apache\xbean\xbean-finder-shaded\4.14\xbean-finder-shaded-4.14.jar;C:\Users\juf\.m2\repository\org\apache\xbean\xbean-reflect\4.14\xbean-reflect-4.14.jar;C:\Users\juf\.m2\repository\org\apache\xbean\xbean-naming\4.14\xbean-naming-4.14.jar;C:\Users\juf\.m2\repository\org\apache\xbean\xbean-bundleutils\4.14\xbean-bundleutils-4.14.jar;C:\Users\juf\.m2\repository\org\hsqldb\hsqldb\2.3.2\hsqldb-2.3.2.jar;C:\Users\juf\.m2\repository\org\apache\commons\commons-dbcp2\2.1\commons-dbcp2-2.1.jar;C:\Users\juf\.m2\repository\org\apache\commons\commons-pool2\2.3\commons-pool2-2.3.jar;C:\Users\juf\.m2\repository\org\apache\openejb\shade\quartz-openejb-shade\2.2.1\quartz-openejb-shade-2.2.1.jar;C:\Users\juf\.m2\repository\org\apache\openwebbeans\openwebbeans-spi\1.7.6\openwebbeans-spi-1.7.6.jar;C:\Users\juf\.m2\repository\org\apache\openwebbeans\openwebbeans-ejb\1.7.6\openwebbeans-ejb-1.7.6.jar;C:\Users\juf\.m2\repository\org\apache\openwebbeans\openwebbeans-ee\1.7.6\openwebbeans-ee-1.7.6.jar;C:\Users\juf\.m2\repository\org\apache\openwebbeans\openwebbeans-ee-common\1.7.6\openwebbeans-ee-common-1.7.6.jar;C:\Users\juf\.m2\repository\org\apache\openjpa\openjpa\2.4.3\openjpa-2.4.3.jar;C:\Users\juf\.m2\repository\net\sourceforge\serp\serp\1.15.1\serp-1.15.1.jar;C:\Users\juf\.m2\repository\org\apache\xbean\xbean-asm6-shaded\4.8\xbean-asm6-shaded-4.8.jar;C:\Users\juf\.m2\repository\org\apache\bval\bval-core\1.1.2\bval-core-1.1.2.jar;C:\Users\juf\.m2\repository\org\apache\bval\bval-jsr\1.1.2\bval-jsr-1.1.2.jar;C:\Users\juf\.m2\repository\org\apache\myfaces\core\myfaces-impl\2.2.12\myfaces-impl-2.2.12.jar;C:\Users\juf\.m2\repository\commons-digester\commons-digester\1.8\commons-digester-1.8.jar;C:\Users\juf\.m2\repository\commons-beanutils\commons-beanutils\1.8.3\commons-beanutils-1.8.3.jar;C:\Users\juf\.m2\repository\org\apache\taglibs\taglibs-standard-jstlel\1.2.5\taglibs-standard-jstlel-1.2.5.jar;C:\Users\juf\.m2\repository\org\apache\taglibs\taglibs-standard-spec\1.2.5\taglibs-standard-spec-1.2.5.jar;C:\Users\juf\.m2\repository\org\apache\taglibs\taglibs-standard-impl\1.2.5\taglibs-standard-impl-1.2.5.jar;C:\Users\juf\.m2\repository\xalan\xalan\2.7.2\xalan-2.7.2.jar;C:\Users\juf\.m2\repository\xalan\serializer\2.7.2\serializer-2.7.2.jar;C:\Users\juf\.m2\repository\xml-apis\xml-apis\1.3.04\xml-apis-1.3.04.jar;C:\Users\juf\.m2\repository\org\apache\tomcat\tomcat-jdbc\8.5.41\tomcat-jdbc-8.5.41.jar;C:\Users\juf\.m2\repository\org\apache\tomcat\tomcat-dbcp\8.5.41\tomcat-dbcp-8.5.41.jar;C:\Users\juf\.m2\repository\org\apache\tomcat\tomcat-catalina\8.5.41\tomcat-catalina-8.5.41.jar;C:\Users\juf\.m2\repository\org\apache\tomcat\tomcat-servlet-api\8.5.41\tomcat-servlet-api-8.5.41.jar;C:\Users\juf\.m2\repository\org\apache\tomcat\tomcat-jsp-api\8.5.41\tomcat-jsp-api-8.5.41.jar;C:\Users\juf\.m2\repository\org\apache\tomcat\tomcat-api\8.5.41\tomcat-api-8.5.41.jar;C:\Users\juf\.m2\repository\org\apache\tomcat\tomcat-jni\8.5.41\tomcat-jni-8.5.41.jar;C:\Users\juf\.m2\repository\org\apache\tomcat\tomcat-util\8.5.41\tomcat-util-8.5.41.jar;C:\Users\juf\.m2\repository\org\apache\tomcat\tomcat-util-scan\8.5.41\tomcat-util-scan-8.5.41.jar;C:\Users\juf\.m2\repository\org\apache\tomcat\tomcat-jaspic-api\8.5.41\tomcat-jaspic-api-8.5.41.jar;C:\Users\juf\.m2\repository\org\apache\tomcat\tomcat-catalina-ha\8.5.41\tomcat-catalina-ha-8.5.41.jar;C:\Users\juf\.m2\repository\org\apache\tomcat\tomcat-tribes\8.5.41\tomcat-tribes-8.5.41.jar;C:\Users\juf\.m2\repository\org\apache\tomcat\tomcat-coyote\8.5.41\tomcat-coyote-8.5.41.jar;C:\Users\juf\.m2\repository\org\apache\tomcat\tomcat-jasper\8.5.41\tomcat-jasper-8.5.41.jar;C:\Users\juf\.m2\repository\org\apache\tomcat\tomcat-el-api\8.5.41\tomcat-el-api-8.5.41.jar;C:\Users\juf\.m2\repository\org\eclipse\jdt\ecj\3.12.3\ecj-3.12.3.jar;C:\Users\juf\.m2\repository\org\apache\tomcat\tomcat-jasper-el\8.5.41\tomcat-jasper-el-8.5.41.jar;C:\Users\juf\.m2\repository\org\eclipse\jdt\core\compiler\ecj\4.4\ecj-4.4.jar;C:\Users\juf\.m2\repository\org\apache\velocity\velocity\1.6.4\velocity-1.6.4.jar;C:\Users\juf\.m2\repository\commons-lang\commons-lang\2.4\commons-lang-2.4.jar;C:\Users\juf\.m2\repository\oro\oro\2.0.8\oro-2.0.8.jar;C:\Users\juf\.m2\repository\org\apache\tomee\openejb-client\7.0.6\openejb-client-7.0.6.jar;C:\Users\juf\.m2\repository\com\sun\xml\bind\jaxb-impl\2.3.0\jaxb-impl-2.3.0.jar;C:\Users\juf\.m2\repository\com\sun\xml\bind\jaxb-core\2.3.0\jaxb-core-2.3.0.jar;C:\Users\juf\.m2\repository\org\apache\tomee\tomee-webservices\7.0.6\tomee-webservices-7.0.6.jar;C:\Users\juf\.m2\repository\org\apache\tomee\openejb-webservices\7.0.6\openejb-webservices-7.0.6.jar;C:\Users\juf\.m2\repository\org\apache\tomee\openejb-cxf\7.0.6\openejb-cxf-7.0.6.jar;C:\Users\juf\.m2\repository\org\apache\wss4j\wss4j-ws-security-dom\2.1.9\wss4j-ws-security-dom-2.1.9.jar;C:\Users\juf\.m2\repository\org\apache\wss4j\wss4j-ws-security-common\2.1.9\wss4j-ws-security-common-2.1.9.jar;C:\Users\juf\.m2\repository\org\apache\santuario\xmlsec\2.0.8\xmlsec-2.0.8.jar;C:\Users\juf\.m2\repository\org\opensaml\opensaml-saml-impl\3.1.1\opensaml-saml-impl-3.1.1.jar;C:\Users\juf\.m2\repository\org\opensaml\opensaml-profile-api\3.1.1\opensaml-profile-api-3.1.1.jar;C:\Users\juf\.m2\repository\org\opensaml\opensaml-core\3.1.1\opensaml-core-3.1.1.jar;C:\Users\juf\.m2\repository\org\opensaml\opensaml-saml-api\3.1.1\opensaml-saml-api-3.1.1.jar;C:\Users\juf\.m2\repository\org\opensaml\opensaml-xmlsec-api\3.1.1\opensaml-xmlsec-api-3.1.1.jar;C:\Users\juf\.m2\repository\org\opensaml\opensaml-soap-api\3.1.1\opensaml-soap-api-3.1.1.jar;C:\Users\juf\.m2\repository\org\opensaml\opensaml-security-impl\3.1.1\opensaml-security-impl-3.1.1.jar;C:\Users\juf\.m2\repository\org\opensaml\opensaml-security-api\3.1.1\opensaml-security-api-3.1.1.jar;C:\Users\juf\.m2\repository\org\cryptacular\cryptacular\1.0\cryptacular-1.0.jar;C:\Users\juf\.m2\repository\org\opensaml\opensaml-xmlsec-impl\3.1.1\opensaml-xmlsec-impl-3.1.1.jar;C:\Users\juf\.m2\repository\net\shibboleth\utilities\java-support\7.1.1\java-support-7.1.1.jar;C:\Users\juf\.m2\repository\org\opensaml\opensaml-xacml-impl\3.1.1\opensaml-xacml-impl-3.1.1.jar;C:\Users\juf\.m2\repository\org\opensaml\opensaml-xacml-api\3.1.1\opensaml-xacml-api-3.1.1.jar;C:\Users\juf\.m2\repository\org\opensaml\opensaml-xacml-saml-impl\3.1.1\opensaml-xacml-saml-impl-3.1.1.jar;C:\Users\juf\.m2\repository\org\opensaml\opensaml-xacml-saml-api\3.1.1\opensaml-xacml-saml-api-3.1.1.jar;C:\Users\juf\.m2\repository\org\jasypt\jasypt\1.9.2\jasypt-1.9.2.jar;C:\Users\juf\.m2\repository\org\bouncycastle\bcprov-jdk15on\1.61\bcprov-jdk15on-1.61.jar;C:\Users\juf\.m2\repository\org\apache\wss4j\wss4j-policy\2.1.9\wss4j-policy-2.1.9.jar;C:\Users\juf\.m2\repository\org\apache\wss4j\wss4j-ws-security-stax\2.1.9\wss4j-ws-security-stax-2.1.9.jar;C:\Users\juf\.m2\repository\org\apache\wss4j\wss4j-bindings\2.1.9\wss4j-bindings-2.1.9.jar;C:\Users\juf\.m2\repository\org\apache\wss4j\wss4j-ws-security-policy-stax\2.1.9\wss4j-ws-security-policy-stax-2.1.9.jar;C:\Users\juf\.m2\repository\org\apache\cxf\cxf-rt-frontend-jaxws\3.3.4\cxf-rt-frontend-jaxws-3.3.4.jar;C:\Users\juf\.m2\repository\xml-resolver\xml-resolver\1.2\xml-resolver-1.2.jar;C:\Users\juf\.m2\repository\org\apache\cxf\cxf-rt-bindings-soap\3.3.4\cxf-rt-bindings-soap-3.3.4.jar;C:\Users\juf\.m2\repository\org\apache\cxf\cxf-rt-wsdl\3.3.4\cxf-rt-wsdl-3.3.4.jar;C:\Users\juf\.m2\repository\org\apache\cxf\cxf-rt-databinding-jaxb\3.3.4\cxf-rt-databinding-jaxb-3.3.4.jar;C:\Users\juf\.m2\repository\org\apache\cxf\cxf-rt-bindings-xml\3.3.4\cxf-rt-bindings-xml-3.3.4.jar;C:\Users\juf\.m2\repository\org\apache\cxf\cxf-rt-frontend-simple\3.3.4\cxf-rt-frontend-simple-3.3.4.jar;C:\Users\juf\.m2\repository\org\apache\cxf\cxf-rt-ws-addr\3.3.4\cxf-rt-ws-addr-3.3.4.jar;C:\Users\juf\.m2\repository\org\apache\cxf\cxf-rt-ws-policy\3.3.4\cxf-rt-ws-policy-3.3.4.jar;C:\Users\juf\.m2\repository\org\apache\cxf\cxf-rt-ws-security\3.3.4\cxf-rt-ws-security-3.3.4.jar;C:\Users\juf\.m2\repository\org\apache\cxf\cxf-rt-security-saml\3.3.4\cxf-rt-security-saml-3.3.4.jar;C:\Users\juf\.m2\repository\com\sun\xml\messaging\saaj\saaj-impl\1.3.23\saaj-impl-1.3.23.jar;C:\Users\juf\.m2\repository\org\jvnet\mimepull\mimepull\1.9\mimepull-1.9.jar;C:\Users\juf\.m2\repository\org\jvnet\staxex\stax-ex\1.7.4\stax-ex-1.7.4.jar;C:\Users\juf\.m2\repository\org\apache\tomcat\tomcat-websocket\8.5.41\tomcat-websocket-8.5.41.jar;C:\Users\juf\.m2\repository\org\apache\tomee\tomee-jaxrs\7.0.6\tomee-jaxrs-7.0.6.jar;C:\Users\juf\.m2\repository\org\apache\tomee\tomee-loader\7.0.6\tomee-loader-7.0.6.jar;C:\Users\juf\.m2\repository\org\apache\tomcat\tomcat-juli\8.5.41\tomcat-juli-8.5.41.jar;C:\Users\juf\.m2\repository\org\apache\tomee\tomee-common\7.0.6\tomee-common-7.0.6.jar;C:\Users\juf\.m2\repository\org\apache\tomee\openejb-rest\7.0.6\openejb-rest-7.0.6.jar;C:\Users\juf\.m2\repository\org\apache\tomee\openejb-cxf-rs\7.0.6\openejb-cxf-rs-7.0.6.jar;C:\Users\juf\.m2\repository\org\apache\tomee\openejb-cxf-transport\7.0.6\openejb-cxf-transport-7.0.6.jar;C:\Users\juf\.m2\repository\org\apache\cxf\cxf-rt-transports-http\3.3.4\cxf-rt-transports-http-3.3.4.jar;C:\Users\juf\.m2\repository\org\apache\cxf\cxf-rt-management\3.3.4\cxf-rt-management-3.3.4.jar;C:\Users\juf\.m2\repository\org\apache\cxf\cxf-rt-rs-service-description\3.1.17\cxf-rt-rs-service-description-3.1.17.jar;C:\Users\juf\.m2\repository\org\apache\cxf\cxf-rt-rs-client\3.3.4\cxf-rt-rs-client-3.3.4.jar;C:\Users\juf\.m2\repository\org\apache\cxf\cxf-core\3.3.4\cxf-core-3.3.4.jar;C:\Users\juf\.m2\repository\org\glassfish\jaxb\jaxb-runtime\2.3.2\jaxb-runtime-2.3.2.jar;C:\Users\juf\.m2\repository\org\glassfish\jaxb\txw2\2.3.2\txw2-2.3.2.jar;C:\Users\juf\.m2\repository\com\sun\istack\istack-commons-runtime\3.0.8\istack-commons-runtime-3.0.8.jar;C:\Users\juf\.m2\repository\com\sun\xml\fastinfoset\FastInfoset\1.2.16\FastInfoset-1.2.16.jar;C:\Users\juf\.m2\repository\jakarta\activation\jakarta.activation-api\1.2.1\jakarta.activation-api-1.2.1.jar;C:\Users\juf\.m2\repository\com\fasterxml\woodstox\woodstox-core\5.0.3\woodstox-core-5.0.3.jar;C:\Users\juf\.m2\repository\jakarta\xml\bind\jakarta.xml.bind-api\2.3.2\jakarta.xml.bind-api-2.3.2.jar;C:\Users\juf\.m2\repository\org\apache\cxf\cxf-rt-frontend-jaxrs\3.3.4\cxf-rt-frontend-jaxrs-3.3.4.jar;C:\Users\juf\.m2\repository\jakarta\ws\rs\jakarta.ws.rs-api\2.1.5\jakarta.ws.rs-api-2.1.5.jar;C:\Users\juf\.m2\repository\org\apache\cxf\cxf-rt-security\3.3.4\cxf-rt-security-3.3.4.jar;C:\Users\juf\.m2\repository\org\apache\cxf\cxf-rt-rs-extension-search\3.3.4\cxf-rt-rs-extension-search-3.3.4.jar;C:\Users\juf\.m2\repository\org\apache\cxf\cxf-rt-rs-security-cors\3.3.4\cxf-rt-rs-security-cors-3.3.4.jar;C:\Users\juf\.m2\repository\org\apache\cxf\cxf-rt-rs-security-oauth2\3.3.4\cxf-rt-rs-security-oauth2-3.3.4.jar;C:\Users\juf\.m2\repository\org\apache\cxf\cxf-rt-rs-security-jose-jaxrs\3.3.4\cxf-rt-rs-security-jose-jaxrs-3.3.4.jar;C:\Users\juf\.m2\repository\org\apache\cxf\cxf-rt-rs-security-jose\3.3.4\cxf-rt-rs-security-jose-3.3.4.jar;C:\Users\juf\.m2\repository\org\apache\cxf\cxf-rt-rs-json-basic\3.3.4\cxf-rt-rs-json-basic-3.3.4.jar;C:\Users\juf\.m2\repository\org\apache\cxf\cxf-rt-rs-extension-providers\3.3.4\cxf-rt-rs-extension-providers-3.3.4.jar;C:\Users\juf\.m2\repository\org\apache\johnzon\johnzon-jaxrs\1.0.2\johnzon-jaxrs-1.0.2.jar;C:\Users\juf\.m2\repository\org\apache\johnzon\johnzon-mapper\1.0.2\johnzon-mapper-1.0.2.jar;C:\Users\juf\.m2\repository\org\apache\johnzon\johnzon-core\1.0.2\johnzon-core-1.0.2.jar;C:\Users\juf\.m2\repository\org\apache\tomee\openejb-server\7.0.6\openejb-server-7.0.6.jar;C:\Users\juf\.m2\repository\org\apache\tomee\openejb-ejbd\7.0.6\openejb-ejbd-7.0.6.jar;C:\Users\juf\.m2\repository\org\apache\tomee\openejb-http\7.0.6\openejb-http-7.0.6.jar;"/>
    <property name="java.vm.vendor" value="Oracle Corporation"/>
    <property name="sun.arch.data.model" value="64"/>
    <property name="user.variant" value=""/>
    <property name="java.vendor.url" value="http://java.oracle.com/"/>
    <property name="user.timezone" value="Asia/Seoul"/>
    <property name="java.vm.specification.version" value="1.8"/>
    <property name="os.name" value="Windows 10"/>
    <property name="user.country" value="KR"/>
    <property name="sun.java.launcher" value="SUN_STANDARD"/>
    <property name="sun.boot.library.path" value="C:\Program Files\Java\jdk1.8.0_231\jre\bin"/>
    <property name="sun.java.command" value="C:\Users\juf\AppData\Local\Temp\surefire6029818970152969465\surefirebooter7954258819840288090.jar C:\Users\juf\AppData\Local\Temp\surefire6029818970152969465 2020-01-28T17-32-38_184-jvmRun1 surefire5017170982675735257tmp surefire_12585135579505743602tmp"/>
    <property name="surefire.test.class.path" value="C:\Users\juf\git\prototyping0010\integration-tests\target\test-classes;C:\Users\juf\git\prototyping0010\integration-tests\target\classes;C:\Users\juf\git\prototyping0010\application\target\prototyping0010-application-classes.jar;C:\Users\juf\.m2\repository\com\sap\cloud\sdk\cloudplatform\security-servlet\3.11.0\security-servlet-3.11.0.jar;C:\Users\juf\.m2\repository\com\sap\cloud\sdk\cloudplatform\scp-cf\3.11.0\scp-cf-3.11.0.jar;C:\Users\juf\.m2\repository\com\sap\cloud\sdk\cloudplatform\auditlog-scp-cf\3.11.0\auditlog-scp-cf-3.11.0.jar;C:\Users\juf\.m2\repository\com\sap\cloud\sdk\cloudplatform\caching\3.11.0\caching-3.11.0.jar;C:\Users\juf\.m2\repository\com\github\ben-manes\caffeine\caffeine\2.8.0\caffeine-2.8.0.jar;C:\Users\juf\.m2\repository\com\sap\cloud\sdk\cloudplatform\cloudplatform-core-scp-cf\3.11.0\cloudplatform-core-scp-cf-3.11.0.jar;C:\Users\juf\.m2\repository\com\google\code\gson\gson\2.8.6\gson-2.8.6.jar;C:\Users\juf\.m2\repository\com\auth0\java-jwt\3.9.0\java-jwt-3.9.0.jar;C:\Users\juf\.m2\repository\com\sap\cloud\sdk\cloudplatform\cloudplatform-connectivity-scp-cf\3.11.0\cloudplatform-connectivity-scp-cf-3.11.0.jar;C:\Users\juf\.m2\repository\com\sap\cloud\sdk\cloudplatform\cloudplatform-connectivity-scp\3.11.0\cloudplatform-connectivity-scp-3.11.0.jar;C:\Users\juf\.m2\repository\com\sap\cloud\sdk\cloudplatform\resilience\3.11.0\resilience-3.11.0.jar;C:\Users\juf\.m2\repository\com\sap\cloud\sdk\frameworks\resilience4j\3.11.0\resilience4j-3.11.0.jar;C:\Users\juf\.m2\repository\io\github\resilience4j\resilience4j-circuitbreaker\1.2.0\resilience4j-circuitbreaker-1.2.0.jar;C:\Users\juf\.m2\repository\io\github\resilience4j\resilience4j-core\1.2.0\resilience4j-core-1.2.0.jar;C:\Users\juf\.m2\repository\io\github\resilience4j\resilience4j-bulkhead\1.2.0\resilience4j-bulkhead-1.2.0.jar;C:\Users\juf\.m2\repository\io\github\resilience4j\resilience4j-timelimiter\1.2.0\resilience4j-timelimiter-1.2.0.jar;C:\Users\juf\.m2\repository\io\github\resilience4j\resilience4j-cache\1.2.0\resilience4j-cache-1.2.0.jar;C:\Users\juf\.m2\repository\javax\cache\cache-api\1.1.1\cache-api-1.1.1.jar;C:\Users\juf\.m2\repository\io\github\resilience4j\resilience4j-retry\1.2.0\resilience4j-retry-1.2.0.jar;C:\Users\juf\.m2\repository\commons-io\commons-io\2.6\commons-io-2.6.jar;C:\Users\juf\.m2\repository\com\sap\cloud\sdk\cloudplatform\security-scp-cf\3.11.0\security-scp-cf-3.11.0.jar;C:\Users\juf\.m2\repository\com\sap\cloud\sdk\cloudplatform\servlet\3.11.0\servlet-3.11.0.jar;C:\Users\juf\.m2\repository\com\sap\cloud\sdk\cloudplatform\tenant-scp-cf\3.11.0\tenant-scp-cf-3.11.0.jar;C:\Users\juf\.m2\repository\com\sap\cloud\sdk\cloudplatform\metering\3.11.0\metering-3.11.0.jar;C:\Users\juf\.m2\repository\com\sap\cloud\sdk\s4hana\s4hana-all\3.11.0\s4hana-all-3.11.0.jar;C:\Users\juf\.m2\repository\com\sap\cloud\sdk\s4hana\s4hana-core\3.11.0\s4hana-core-3.11.0.jar;C:\Users\juf\.m2\repository\com\sap\cloud\sdk\datamodel\fluent-result\3.11.0\fluent-result-3.11.0.jar;C:\Users\juf\.m2\repository\com\sap\cloud\sdk\s4hana\s4hana-connectivity\3.11.0\s4hana-connectivity-3.11.0.jar;C:\Users\juf\.m2\repository\com\sap\cloud\sdk\datamodel\odata-core\3.11.0\odata-core-3.11.0.jar;C:\Users\juf\.m2\repository\com\sap\cloud\servicesdk\odata-v2-lib\1.36.2\odata-v2-lib-1.36.2.jar;C:\Users\juf\.m2\repository\com\sap\cloud\servicesdk\developer_license\1.36.2\developer_license-1.36.2.jar;C:\Users\juf\.m2\repository\org\jsoup\jsoup\1.12.1\jsoup-1.12.1.jar;C:\Users\juf\.m2\repository\org\apache\commons\commons-text\1.8\commons-text-1.8.jar;C:\Users\juf\.m2\repository\com\fasterxml\jackson\core\jackson-core\2.10.1\jackson-core-2.10.1.jar;C:\Users\juf\.m2\repository\joda-time\joda-time\2.10.5\joda-time-2.10.5.jar;C:\Users\juf\.m2\repository\com\sap\cloud\sdk\quality\odata-querylistener\3.11.0\odata-querylistener-3.11.0.jar;C:\Users\juf\.m2\repository\com\sap\cloud\sdk\s4hana\s4hana-api-odata\3.11.0\s4hana-api-odata-3.11.0.jar;C:\Users\juf\.m2\repository\com\sap\cloud\sdk\datamodel\soap\3.11.0\soap-3.11.0.jar;C:\Users\juf\.m2\repository\org\apache\axis2\axis2-adb\1.7.9\axis2-adb-1.7.9.jar;C:\Users\juf\.m2\repository\org\apache\ws\commons\axiom\axiom-dom\1.2.21\axiom-dom-1.2.21.jar;C:\Users\juf\.m2\repository\org\codehaus\woodstox\woodstox-core-asl\4.2.0\woodstox-core-asl-4.2.0.jar;C:\Users\juf\.m2\repository\org\codehaus\woodstox\stax2-api\3.1.1\stax2-api-3.1.1.jar;C:\Users\juf\.m2\repository\org\apache\axis2\axis2-transport-http\1.7.9\axis2-transport-http-1.7.9.jar;C:\Users\juf\.m2\repository\org\apache\axis2\axis2-kernel\1.7.9\axis2-kernel-1.7.9.jar;C:\Users\juf\.m2\repository\org\apache\ws\commons\axiom\axiom-api\1.2.21\axiom-api-1.2.21.jar;C:\Users\juf\.m2\repository\org\apache\geronimo\specs\geronimo-activation_1.1_spec\1.1\geronimo-activation_1.1_spec-1.1.jar;C:\Users\juf\.m2\repository\jaxen\jaxen\1.1.6\jaxen-1.1.6.jar;C:\Users\juf\.m2\repository\org\apache\geronimo\specs\geronimo-stax-api_1.0_spec\1.0.1\geronimo-stax-api_1.0_spec-1.0.1.jar;C:\Users\juf\.m2\repository\org\apache\james\apache-mime4j-core\0.7.2\apache-mime4j-core-0.7.2.jar;C:\Users\juf\.m2\repository\org\apache\ws\commons\axiom\axiom-impl\1.2.21\axiom-impl-1.2.21.jar;C:\Users\juf\.m2\repository\org\apache\geronimo\specs\geronimo-ws-metadata_2.0_spec\1.1.2\geronimo-ws-metadata_2.0_spec-1.1.2.jar;C:\Users\juf\.m2\repository\org\apache\geronimo\specs\geronimo-jta_1.1_spec\1.1\geronimo-jta_1.1_spec-1.1.jar;C:\Users\juf\.m2\repository\commons-fileupload\commons-fileupload\1.3.3\commons-fileupload-1.3.3.jar;C:\Users\juf\.m2\repository\wsdl4j\wsdl4j\1.6.2\wsdl4j-1.6.2.jar;C:\Users\juf\.m2\repository\org\apache\ws\xmlschema\xmlschema-core\2.2.1\xmlschema-core-2.2.1.jar;C:\Users\juf\.m2\repository\org\apache\neethi\neethi\3.0.3\neethi-3.0.3.jar;C:\Users\juf\.m2\repository\org\apache\woden\woden-core\1.0M10\woden-core-1.0M10.jar;C:\Users\juf\.m2\repository\org\apache\axis2\axis2-transport-local\1.7.9\axis2-transport-local-1.7.9.jar;C:\Users\juf\.m2\repository\com\sap\cloud\sdk\s4hana\rfc\3.11.0\rfc-3.11.0.jar;C:\Users\juf\.m2\repository\com\sap\cloud\sdk\quality\common\3.11.0\common-3.11.0.jar;C:\Users\juf\.m2\repository\org\apache\commons\commons-csv\1.7\commons-csv-1.7.jar;C:\Users\juf\.m2\repository\org\json\json\20190722\json-20190722.jar;C:\Users\juf\.m2\repository\com\sap\cloud\servicesdk\odatav2-connectivity-sdk3\1.36.2\odatav2-connectivity-sdk3-1.36.2.jar;C:\Users\juf\.m2\repository\org\apache\commons\commons-lang3\3.9\commons-lang3-3.9.jar;C:\Users\juf\.m2\repository\com\sap\cloud\servicesdk\jacksonutil-sdk3\1.36.2\jacksonutil-sdk3-1.36.2.jar;C:\Users\juf\.m2\repository\com\sap\cloud\servicesdk\prov\api\1.36.2\api-1.36.2.jar;C:\Users\juf\.m2\repository\javax\transaction\javax.transaction-api\1.2\javax.transaction-api-1.2.jar;C:\Users\juf\.m2\repository\com\sap\cds\cds4j-api\1.5.0\cds4j-api-1.5.0.jar;C:\Users\juf\.m2\repository\com\sap\cloud\sdk\testutil\testutil-core\3.11.0\testutil-core-3.11.0.jar;C:\Users\juf\.m2\repository\com\sap\cloud\sdk\cloudplatform\auditlog\3.11.0\auditlog-3.11.0.jar;C:\Users\juf\.m2\repository\com\sap\cloud\sdk\cloudplatform\cloudplatform-core\3.11.0\cloudplatform-core-3.11.0.jar;C:\Users\juf\.m2\repository\com\sap\cloud\sdk\cloudplatform\cloudplatform-connectivity\3.11.0\cloudplatform-connectivity-3.11.0.jar;C:\Users\juf\.m2\repository\com\sap\cloud\sdk\cloudplatform\security\3.11.0\security-3.11.0.jar;C:\Users\juf\.m2\repository\com\sap\cloud\sdk\cloudplatform\tenant\3.11.0\tenant-3.11.0.jar;C:\Users\juf\.m2\repository\com\sap\cloud\sdk\testutil\testutil-resources\3.11.0\testutil-resources-3.11.0.jar;C:\Users\juf\.m2\repository\com\google\code\findbugs\jsr305\3.0.2\jsr305-3.0.2.jar;C:\Users\juf\.m2\repository\io\vavr\vavr\0.10.2\vavr-0.10.2.jar;C:\Users\juf\.m2\repository\io\vavr\vavr-match\0.10.2\vavr-match-0.10.2.jar;C:\Users\juf\.m2\repository\com\google\guava\guava\28.2-jre\guava-28.2-jre.jar;C:\Users\juf\.m2\repository\com\google\guava\failureaccess\1.0.1\failureaccess-1.0.1.jar;C:\Users\juf\.m2\repository\com\google\guava\listenablefuture\9999.0-empty-to-avoid-conflict-with-guava\listenablefuture-9999.0-empty-to-avoid-conflict-with-guava.jar;C:\Users\juf\.m2\repository\com\google\j2objc\j2objc-annotations\1.3\j2objc-annotations-1.3.jar;C:\Users\juf\.m2\repository\com\fasterxml\jackson\core\jackson-annotations\2.10.1\jackson-annotations-2.10.1.jar;C:\Users\juf\.m2\repository\com\fasterxml\jackson\core\jackson-databind\2.10.1\jackson-databind-2.10.1.jar;C:\Users\juf\.m2\repository\com\fasterxml\jackson\dataformat\jackson-dataformat-yaml\2.10.1\jackson-dataformat-yaml-2.10.1.jar;C:\Users\juf\.m2\repository\org\yaml\snakeyaml\1.24\snakeyaml-1.24.jar;C:\Users\juf\.m2\repository\com\mikesamuel\json-sanitizer\1.2.0\json-sanitizer-1.2.0.jar;C:\Users\juf\.m2\repository\com\google\errorprone\error_prone_annotations\2.3.4\error_prone_annotations-2.3.4.jar;C:\Users\juf\.m2\repository\org\assertj\assertj-core\3.14.0\assertj-core-3.14.0.jar;C:\Users\juf\.m2\repository\org\mockito\mockito-core\3.2.4\mockito-core-3.2.4.jar;C:\Users\juf\.m2\repository\net\bytebuddy\byte-buddy\1.10.5\byte-buddy-1.10.5.jar;C:\Users\juf\.m2\repository\net\bytebuddy\byte-buddy-agent\1.10.5\byte-buddy-agent-1.10.5.jar;C:\Users\juf\.m2\repository\org\objenesis\objenesis\2.6\objenesis-2.6.jar;C:\Users\juf\.m2\repository\com\github\tomakehurst\wiremock\2.20.0\wiremock-2.20.0.jar;C:\Users\juf\.m2\repository\org\eclipse\jetty\jetty-server\9.4.25.v20191220\jetty-server-9.4.25.v20191220.jar;C:\Users\juf\.m2\repository\javax\servlet\javax.servlet-api\4.0.1\javax.servlet-api-4.0.1.jar;C:\Users\juf\.m2\repository\org\eclipse\jetty\jetty-http\9.4.25.v20191220\jetty-http-9.4.25.v20191220.jar;C:\Users\juf\.m2\repository\org\eclipse\jetty\jetty-io\9.4.25.v20191220\jetty-io-9.4.25.v20191220.jar;C:\Users\juf\.m2\repository\org\eclipse\jetty\jetty-servlet\9.4.25.v20191220\jetty-servlet-9.4.25.v20191220.jar;C:\Users\juf\.m2\repository\org\eclipse\jetty\jetty-security\9.4.25.v20191220\jetty-security-9.4.25.v20191220.jar;C:\Users\juf\.m2\repository\org\eclipse\jetty\jetty-servlets\9.4.25.v20191220\jetty-servlets-9.4.25.v20191220.jar;C:\Users\juf\.m2\repository\org\eclipse\jetty\jetty-continuation\9.4.25.v20191220\jetty-continuation-9.4.25.v20191220.jar;C:\Users\juf\.m2\repository\org\eclipse\jetty\jetty-util\9.4.25.v20191220\jetty-util-9.4.25.v20191220.jar;C:\Users\juf\.m2\repository\org\eclipse\jetty\jetty-webapp\9.4.25.v20191220\jetty-webapp-9.4.25.v20191220.jar;C:\Users\juf\.m2\repository\org\eclipse\jetty\jetty-xml\9.4.25.v20191220\jetty-xml-9.4.25.v20191220.jar;C:\Users\juf\.m2\repository\org\xmlunit\xmlunit-core\2.5.1\xmlunit-core-2.5.1.jar;C:\Users\juf\.m2\repository\org\xmlunit\xmlunit-legacy\2.5.1\xmlunit-legacy-2.5.1.jar;C:\Users\juf\.m2\repository\com\jayway\jsonpath\json-path\2.4.0\json-path-2.4.0.jar;C:\Users\juf\.m2\repository\net\minidev\json-smart\2.3\json-smart-2.3.jar;C:\Users\juf\.m2\repository\net\minidev\accessors-smart\1.2\accessors-smart-1.2.jar;C:\Users\juf\.m2\repository\org\ow2\asm\asm\5.0.4\asm-5.0.4.jar;C:\Users\juf\.m2\repository\net\sf\jopt-simple\jopt-simple\5.0.3\jopt-simple-5.0.3.jar;C:\Users\juf\.m2\repository\com\flipkart\zjsonpatch\zjsonpatch\0.4.4\zjsonpatch-0.4.4.jar;C:\Users\juf\.m2\repository\com\github\jknack\handlebars\4.0.7\handlebars-4.0.7.jar;C:\Users\juf\.m2\repository\org\antlr\antlr4-runtime\4.7.1\antlr4-runtime-4.7.1.jar;C:\Users\juf\.m2\repository\com\github\jknack\handlebars-helpers\4.0.7\handlebars-helpers-4.0.7.jar;C:\Users\juf\.m2\repository\org\apache\httpcomponents\httpcore\4.4.12\httpcore-4.4.12.jar;C:\Users\juf\.m2\repository\org\slf4j\slf4j-api\1.7.26\slf4j-api-1.7.26.jar;C:\Users\juf\.m2\repository\org\slf4j\jcl-over-slf4j\1.7.26\jcl-over-slf4j-1.7.26.jar;C:\Users\juf\.m2\repository\org\slf4j\slf4j-simple\1.7.26\slf4j-simple-1.7.26.jar;C:\Users\juf\.m2\repository\junit\junit\4.13\junit-4.13.jar;C:\Users\juf\.m2\repository\org\hamcrest\hamcrest-core\1.3\hamcrest-core-1.3.jar;C:\Users\juf\.m2\repository\io\rest-assured\rest-assured\4.0.0\rest-assured-4.0.0.jar;C:\Users\juf\.m2\repository\org\codehaus\groovy\groovy\2.5.6\groovy-2.5.6.jar;C:\Users\juf\.m2\repository\org\codehaus\groovy\groovy-xml\2.5.6\groovy-xml-2.5.6.jar;C:\Users\juf\.m2\repository\org\apache\httpcomponents\httpclient\4.5.10\httpclient-4.5.10.jar;C:\Users\juf\.m2\repository\commons-codec\commons-codec\1.13\commons-codec-1.13.jar;C:\Users\juf\.m2\repository\org\apache\httpcomponents\httpmime\4.5.3\httpmime-4.5.3.jar;C:\Users\juf\.m2\repository\org\ccil\cowan\tagsoup\tagsoup\1.2.1\tagsoup-1.2.1.jar;C:\Users\juf\.m2\repository\io\rest-assured\json-path\4.0.0\json-path-4.0.0.jar;C:\Users\juf\.m2\repository\org\codehaus\groovy\groovy-json\2.5.6\groovy-json-2.5.6.jar;C:\Users\juf\.m2\repository\io\rest-assured\rest-assured-common\4.0.0\rest-assured-common-4.0.0.jar;C:\Users\juf\.m2\repository\io\rest-assured\xml-path\4.0.0\xml-path-4.0.0.jar;C:\Users\juf\.m2\repository\javax\xml\bind\jaxb-api\2.2.12\jaxb-api-2.2.12.jar;C:\Users\juf\.m2\repository\com\sun\xml\bind\jaxb-osgi\2.2.10\jaxb-osgi-2.2.10.jar;C:\Users\juf\.m2\repository\org\apache\sling\org.apache.sling.javax.activation\0.1.0\org.apache.sling.javax.activation-0.1.0.jar;C:\Users\juf\.m2\repository\javax\activation\activation\1.1.1\activation-1.1.1.jar;C:\Users\juf\.m2\repository\org\apache\tomee\arquillian-tomee-embedded\7.0.6\arquillian-tomee-embedded-7.0.6.jar;C:\Users\juf\.m2\repository\org\apache\tomee\arquillian-openejb-transaction-provider\7.0.6\arquillian-openejb-transaction-provider-7.0.6.jar;C:\Users\juf\.m2\repository\org\jboss\arquillian\extension\arquillian-transaction-impl-base\1.0.1.Final\arquillian-transaction-impl-base-1.0.1.Final.jar;C:\Users\juf\.m2\repository\org\jboss\arquillian\extension\arquillian-transaction-api\1.0.1.Final\arquillian-transaction-api-1.0.1.Final.jar;C:\Users\juf\.m2\repository\org\jboss\arquillian\extension\arquillian-transaction-spi\1.0.1.Final\arquillian-transaction-spi-1.0.1.Final.jar;C:\Users\juf\.m2\repository\org\jboss\arquillian\test\arquillian-test-spi\1.5.0.Final\arquillian-test-spi-1.5.0.Final.jar;C:\Users\juf\.m2\repository\org\jboss\arquillian\core\arquillian-core-spi\1.5.0.Final\arquillian-core-spi-1.5.0.Final.jar;C:\Users\juf\.m2\repository\org\jboss\arquillian\core\arquillian-core-api\1.5.0.Final\arquillian-core-api-1.5.0.Final.jar;C:\Users\juf\.m2\repository\org\jboss\arquillian\container\arquillian-container-spi\1.5.0.Final\arquillian-container-spi-1.5.0.Final.jar;C:\Users\juf\.m2\repository\org\jboss\arquillian\config\arquillian-config-api\1.5.0.Final\arquillian-config-api-1.5.0.Final.jar;C:\Users\juf\.m2\repository\org\jboss\arquillian\config\arquillian-config-impl-base\1.5.0.Final\arquillian-config-impl-base-1.5.0.Final.jar;C:\Users\juf\.m2\repository\org\jboss\arquillian\config\arquillian-config-spi\1.5.0.Final\arquillian-config-spi-1.5.0.Final.jar;C:\Users\juf\.m2\repository\org\jboss\shrinkwrap\shrinkwrap-api\1.2.6\shrinkwrap-api-1.2.6.jar;C:\Users\juf\.m2\repository\org\jboss\arquillian\container\arquillian-container-test-spi\1.5.0.Final\arquillian-container-test-spi-1.5.0.Final.jar;C:\Users\juf\.m2\repository\org\jboss\arquillian\container\arquillian-container-test-api\1.5.0.Final\arquillian-container-test-api-1.5.0.Final.jar;C:\Users\juf\.m2\repository\org\jboss\arquillian\junit\arquillian-junit-container\1.5.0.Final\arquillian-junit-container-1.5.0.Final.jar;C:\Users\juf\.m2\repository\org\jboss\arquillian\junit\arquillian-junit-core\1.5.0.Final\arquillian-junit-core-1.5.0.Final.jar;C:\Users\juf\.m2\repository\org\jboss\arquillian\test\arquillian-test-api\1.5.0.Final\arquillian-test-api-1.5.0.Final.jar;C:\Users\juf\.m2\repository\org\jboss\arquillian\core\arquillian-core-impl-base\1.5.0.Final\arquillian-core-impl-base-1.5.0.Final.jar;C:\Users\juf\.m2\repository\org\jboss\arquillian\test\arquillian-test-impl-base\1.5.0.Final\arquillian-test-impl-base-1.5.0.Final.jar;C:\Users\juf\.m2\repository\org\jboss\arquillian\container\arquillian-container-impl-base\1.5.0.Final\arquillian-container-impl-base-1.5.0.Final.jar;C:\Users\juf\.m2\repository\org\jboss\arquillian\container\arquillian-container-test-impl-base\1.5.0.Final\arquillian-container-test-impl-base-1.5.0.Final.jar;C:\Users\juf\.m2\repository\org\jboss\shrinkwrap\shrinkwrap-impl-base\1.2.6\shrinkwrap-impl-base-1.2.6.jar;C:\Users\juf\.m2\repository\org\jboss\shrinkwrap\shrinkwrap-spi\1.2.6\shrinkwrap-spi-1.2.6.jar;C:\Users\juf\.m2\repository\org\apache\myfaces\core\myfaces-api\2.2.12\myfaces-api-2.2.12.jar;C:\Users\juf\.m2\repository\org\apache\geronimo\specs\geronimo-atinject_1.0_spec\1.0\geronimo-atinject_1.0_spec-1.0.jar;C:\Users\juf\.m2\repository\org\jboss\shrinkwrap\descriptors\shrinkwrap-descriptors-impl-javaee\2.0.0\shrinkwrap-descriptors-impl-javaee-2.0.0.jar;C:\Users\juf\.m2\repository\org\jboss\shrinkwrap\descriptors\shrinkwrap-descriptors-impl-base\2.0.0\shrinkwrap-descriptors-impl-base-2.0.0.jar;C:\Users\juf\.m2\repository\org\jboss\shrinkwrap\descriptors\shrinkwrap-descriptors-spi\2.0.0\shrinkwrap-descriptors-spi-2.0.0.jar;C:\Users\juf\.m2\repository\org\jboss\shrinkwrap\descriptors\shrinkwrap-descriptors-api-javaee\2.0.0\shrinkwrap-descriptors-api-javaee-2.0.0.jar;C:\Users\juf\.m2\repository\org\jboss\shrinkwrap\descriptors\shrinkwrap-descriptors-api-base\2.0.0\shrinkwrap-descriptors-api-base-2.0.0.jar;C:\Users\juf\.m2\repository\org\apache\tomee\javaee-api\7.0-1\javaee-api-7.0-1.jar;C:\Users\juf\.m2\repository\org\apache\tomee\arquillian-tomee-common\7.0.6\arquillian-tomee-common-7.0.6.jar;C:\Users\juf\.m2\repository\org\apache\tomee\arquillian-common\7.0.6\arquillian-common-7.0.6.jar;C:\Users\juf\.m2\repository\org\codehaus\swizzle\swizzle-stream\1.6.2\swizzle-stream-1.6.2.jar;C:\Users\juf\.m2\repository\org\apache\tomee\tomee-embedded\7.0.6\tomee-embedded-7.0.6.jar;C:\Users\juf\.m2\repository\org\apache\tomee\tomee-catalina\7.0.6\tomee-catalina-7.0.6.jar;C:\Users\juf\.m2\repository\org\apache\tomee\tomee-jdbc\7.0.6\tomee-jdbc-7.0.6.jar;C:\Users\juf\.m2\repository\org\apache\tomee\tomee-juli\7.0.6\tomee-juli-7.0.6.jar;C:\Users\juf\.m2\repository\org\apache\tomee\tomee-util\7.0.6\tomee-util-7.0.6.jar;C:\Users\juf\.m2\repository\org\apache\tomee\javaee-api\7.0-1\javaee-api-7.0-1-tomcat.jar;C:\Users\juf\.m2\repository\org\apache\tomcat\tomcat-websocket-api\8.5.41\tomcat-websocket-api-8.5.41.jar;C:\Users\juf\.m2\repository\org\apache\tomee\tomee-myfaces\7.0.6\tomee-myfaces-7.0.6.jar;C:\Users\juf\.m2\repository\org\apache\openwebbeans\openwebbeans-jsf\1.7.6\openwebbeans-jsf-1.7.6.jar;C:\Users\juf\.m2\repository\org\apache\openwebbeans\openwebbeans-impl\1.7.6\openwebbeans-impl-1.7.6.jar;C:\Users\juf\.m2\repository\org\apache\openwebbeans\openwebbeans-web\1.7.6\openwebbeans-web-1.7.6.jar;C:\Users\juf\.m2\repository\org\apache\openwebbeans\openwebbeans-el22\1.7.6\openwebbeans-el22-1.7.6.jar;C:\Users\juf\.m2\repository\org\apache\tomee\openejb-core\7.0.6\openejb-core-7.0.6.jar;C:\Users\juf\.m2\repository\org\apache\tomee\mbean-annotation-api\7.0.6\mbean-annotation-api-7.0.6.jar;C:\Users\juf\.m2\repository\org\apache\tomee\openejb-jpa-integration\7.0.6\openejb-jpa-integration-7.0.6.jar;C:\Users\juf\.m2\repository\org\apache\tomee\openejb-api\7.0.6\openejb-api-7.0.6.jar;C:\Users\juf\.m2\repository\org\apache\tomee\openejb-loader\7.0.6\openejb-loader-7.0.6.jar;C:\Users\juf\.m2\repository\org\apache\tomee\openejb-javaagent\7.0.6\openejb-javaagent-7.0.6.jar;C:\Users\juf\.m2\repository\org\apache\tomee\openejb-jee\7.0.6\openejb-jee-7.0.6.jar;C:\Users\juf\.m2\repository\org\apache\tomee\openejb-jee-accessors\7.0.6\openejb-jee-accessors-7.0.6.jar;C:\Users\juf\.m2\repository\org\metatype\sxc\sxc-jaxb-core\0.8\sxc-jaxb-core-0.8.jar;C:\Users\juf\.m2\repository\org\metatype\sxc\sxc-runtime\0.8\sxc-runtime-0.8.jar;C:\Users\juf\.m2\repository\commons-cli\commons-cli\1.2\commons-cli-1.2.jar;C:\Users\juf\.m2\repository\commons-collections\commons-collections\3.2.2\commons-collections-3.2.2.jar;C:\Users\juf\.m2\repository\org\apache\activemq\activemq-ra\5.14.5\activemq-ra-5.14.5.jar;C:\Users\juf\.m2\repository\org\apache\activemq\activemq-kahadb-store\5.14.5\activemq-kahadb-store-5.14.5.jar;C:\Users\juf\.m2\repository\org\apache\activemq\protobuf\activemq-protobuf\1.1\activemq-protobuf-1.1.jar;C:\Users\juf\.m2\repository\org\apache\activemq\activemq-broker\5.14.5\activemq-broker-5.14.5.jar;C:\Users\juf\.m2\repository\org\apache\activemq\activemq-client\5.14.5\activemq-client-5.14.5.jar;C:\Users\juf\.m2\repository\org\fusesource\hawtbuf\hawtbuf\1.11\hawtbuf-1.11.jar;C:\Users\juf\.m2\repository\org\apache\activemq\activemq-openwire-legacy\5.14.5\activemq-openwire-legacy-5.14.5.jar;C:\Users\juf\.m2\repository\org\apache\activemq\activemq-jdbc-store\5.14.5\activemq-jdbc-store-5.14.5.jar;C:\Users\juf\.m2\repository\org\apache\geronimo\components\geronimo-connector\3.1.4\geronimo-connector-3.1.4.jar;C:\Users\juf\.m2\repository\org\apache\geronimo\components\geronimo-transaction\3.1.4\geronimo-transaction-3.1.4.jar;C:\Users\juf\.m2\repository\org\objectweb\howl\howl\1.0.1-1\howl-1.0.1-1.jar;C:\Users\juf\.m2\repository\org\apache\geronimo\javamail\geronimo-javamail_1.4_mail\1.9.0-alpha-2\geronimo-javamail_1.4_mail-1.9.0-alpha-2.jar;C:\Users\juf\.m2\repository\org\apache\xbean\xbean-asm7-shaded\4.14\xbean-asm7-shaded-4.14.jar;C:\Users\juf\.m2\repository\org\apache\xbean\xbean-finder-shaded\4.14\xbean-finder-shaded-4.14.jar;C:\Users\juf\.m2\repository\org\apache\xbean\xbean-reflect\4.14\xbean-reflect-4.14.jar;C:\Users\juf\.m2\repository\org\apache\xbean\xbean-naming\4.14\xbean-naming-4.14.jar;C:\Users\juf\.m2\repository\org\apache\xbean\xbean-bundleutils\4.14\xbean-bundleutils-4.14.jar;C:\Users\juf\.m2\repository\org\hsqldb\hsqldb\2.3.2\hsqldb-2.3.2.jar;C:\Users\juf\.m2\repository\org\apache\commons\commons-dbcp2\2.1\commons-dbcp2-2.1.jar;C:\Users\juf\.m2\repository\org\apache\commons\commons-pool2\2.3\commons-pool2-2.3.jar;C:\Users\juf\.m2\repository\org\apache\openejb\shade\quartz-openejb-shade\2.2.1\quartz-openejb-shade-2.2.1.jar;C:\Users\juf\.m2\repository\org\apache\openwebbeans\openwebbeans-spi\1.7.6\openwebbeans-spi-1.7.6.jar;C:\Users\juf\.m2\repository\org\apache\openwebbeans\openwebbeans-ejb\1.7.6\openwebbeans-ejb-1.7.6.jar;C:\Users\juf\.m2\repository\org\apache\openwebbeans\openwebbeans-ee\1.7.6\openwebbeans-ee-1.7.6.jar;C:\Users\juf\.m2\repository\org\apache\openwebbeans\openwebbeans-ee-common\1.7.6\openwebbeans-ee-common-1.7.6.jar;C:\Users\juf\.m2\repository\org\apache\openjpa\openjpa\2.4.3\openjpa-2.4.3.jar;C:\Users\juf\.m2\repository\net\sourceforge\serp\serp\1.15.1\serp-1.15.1.jar;C:\Users\juf\.m2\repository\org\apache\xbean\xbean-asm6-shaded\4.8\xbean-asm6-shaded-4.8.jar;C:\Users\juf\.m2\repository\org\apache\bval\bval-core\1.1.2\bval-core-1.1.2.jar;C:\Users\juf\.m2\repository\org\apache\bval\bval-jsr\1.1.2\bval-jsr-1.1.2.jar;C:\Users\juf\.m2\repository\org\apache\myfaces\core\myfaces-impl\2.2.12\myfaces-impl-2.2.12.jar;C:\Users\juf\.m2\repository\commons-digester\commons-digester\1.8\commons-digester-1.8.jar;C:\Users\juf\.m2\repository\commons-beanutils\commons-beanutils\1.8.3\commons-beanutils-1.8.3.jar;C:\Users\juf\.m2\repository\org\apache\taglibs\taglibs-standard-jstlel\1.2.5\taglibs-standard-jstlel-1.2.5.jar;C:\Users\juf\.m2\repository\org\apache\taglibs\taglibs-standard-spec\1.2.5\taglibs-standard-spec-1.2.5.jar;C:\Users\juf\.m2\repository\org\apache\taglibs\taglibs-standard-impl\1.2.5\taglibs-standard-impl-1.2.5.jar;C:\Users\juf\.m2\repository\xalan\xalan\2.7.2\xalan-2.7.2.jar;C:\Users\juf\.m2\repository\xalan\serializer\2.7.2\serializer-2.7.2.jar;C:\Users\juf\.m2\repository\xml-apis\xml-apis\1.3.04\xml-apis-1.3.04.jar;C:\Users\juf\.m2\repository\org\apache\tomcat\tomcat-jdbc\8.5.41\tomcat-jdbc-8.5.41.jar;C:\Users\juf\.m2\repository\org\apache\tomcat\tomcat-dbcp\8.5.41\tomcat-dbcp-8.5.41.jar;C:\Users\juf\.m2\repository\org\apache\tomcat\tomcat-catalina\8.5.41\tomcat-catalina-8.5.41.jar;C:\Users\juf\.m2\repository\org\apache\tomcat\tomcat-servlet-api\8.5.41\tomcat-servlet-api-8.5.41.jar;C:\Users\juf\.m2\repository\org\apache\tomcat\tomcat-jsp-api\8.5.41\tomcat-jsp-api-8.5.41.jar;C:\Users\juf\.m2\repository\org\apache\tomcat\tomcat-api\8.5.41\tomcat-api-8.5.41.jar;C:\Users\juf\.m2\repository\org\apache\tomcat\tomcat-jni\8.5.41\tomcat-jni-8.5.41.jar;C:\Users\juf\.m2\repository\org\apache\tomcat\tomcat-util\8.5.41\tomcat-util-8.5.41.jar;C:\Users\juf\.m2\repository\org\apache\tomcat\tomcat-util-scan\8.5.41\tomcat-util-scan-8.5.41.jar;C:\Users\juf\.m2\repository\org\apache\tomcat\tomcat-jaspic-api\8.5.41\tomcat-jaspic-api-8.5.41.jar;C:\Users\juf\.m2\repository\org\apache\tomcat\tomcat-catalina-ha\8.5.41\tomcat-catalina-ha-8.5.41.jar;C:\Users\juf\.m2\repository\org\apache\tomcat\tomcat-tribes\8.5.41\tomcat-tribes-8.5.41.jar;C:\Users\juf\.m2\repository\org\apache\tomcat\tomcat-coyote\8.5.41\tomcat-coyote-8.5.41.jar;C:\Users\juf\.m2\repository\org\apache\tomcat\tomcat-jasper\8.5.41\tomcat-jasper-8.5.41.jar;C:\Users\juf\.m2\repository\org\apache\tomcat\tomcat-el-api\8.5.41\tomcat-el-api-8.5.41.jar;C:\Users\juf\.m2\repository\org\eclipse\jdt\ecj\3.12.3\ecj-3.12.3.jar;C:\Users\juf\.m2\repository\org\apache\tomcat\tomcat-jasper-el\8.5.41\tomcat-jasper-el-8.5.41.jar;C:\Users\juf\.m2\repository\org\eclipse\jdt\core\compiler\ecj\4.4\ecj-4.4.jar;C:\Users\juf\.m2\repository\org\apache\velocity\velocity\1.6.4\velocity-1.6.4.jar;C:\Users\juf\.m2\repository\commons-lang\commons-lang\2.4\commons-lang-2.4.jar;C:\Users\juf\.m2\repository\oro\oro\2.0.8\oro-2.0.8.jar;C:\Users\juf\.m2\repository\org\apache\tomee\openejb-client\7.0.6\openejb-client-7.0.6.jar;C:\Users\juf\.m2\repository\com\sun\xml\bind\jaxb-impl\2.3.0\jaxb-impl-2.3.0.jar;C:\Users\juf\.m2\repository\com\sun\xml\bind\jaxb-core\2.3.0\jaxb-core-2.3.0.jar;C:\Users\juf\.m2\repository\org\apache\tomee\tomee-webservices\7.0.6\tomee-webservices-7.0.6.jar;C:\Users\juf\.m2\repository\org\apache\tomee\openejb-webservices\7.0.6\openejb-webservices-7.0.6.jar;C:\Users\juf\.m2\repository\org\apache\tomee\openejb-cxf\7.0.6\openejb-cxf-7.0.6.jar;C:\Users\juf\.m2\repository\org\apache\wss4j\wss4j-ws-security-dom\2.1.9\wss4j-ws-security-dom-2.1.9.jar;C:\Users\juf\.m2\repository\org\apache\wss4j\wss4j-ws-security-common\2.1.9\wss4j-ws-security-common-2.1.9.jar;C:\Users\juf\.m2\repository\org\apache\santuario\xmlsec\2.0.8\xmlsec-2.0.8.jar;C:\Users\juf\.m2\repository\org\opensaml\opensaml-saml-impl\3.1.1\opensaml-saml-impl-3.1.1.jar;C:\Users\juf\.m2\repository\org\opensaml\opensaml-profile-api\3.1.1\opensaml-profile-api-3.1.1.jar;C:\Users\juf\.m2\repository\org\opensaml\opensaml-core\3.1.1\opensaml-core-3.1.1.jar;C:\Users\juf\.m2\repository\org\opensaml\opensaml-saml-api\3.1.1\opensaml-saml-api-3.1.1.jar;C:\Users\juf\.m2\repository\org\opensaml\opensaml-xmlsec-api\3.1.1\opensaml-xmlsec-api-3.1.1.jar;C:\Users\juf\.m2\repository\org\opensaml\opensaml-soap-api\3.1.1\opensaml-soap-api-3.1.1.jar;C:\Users\juf\.m2\repository\org\opensaml\opensaml-security-impl\3.1.1\opensaml-security-impl-3.1.1.jar;C:\Users\juf\.m2\repository\org\opensaml\opensaml-security-api\3.1.1\opensaml-security-api-3.1.1.jar;C:\Users\juf\.m2\repository\org\cryptacular\cryptacular\1.0\cryptacular-1.0.jar;C:\Users\juf\.m2\repository\org\opensaml\opensaml-xmlsec-impl\3.1.1\opensaml-xmlsec-impl-3.1.1.jar;C:\Users\juf\.m2\repository\net\shibboleth\utilities\java-support\7.1.1\java-support-7.1.1.jar;C:\Users\juf\.m2\repository\org\opensaml\opensaml-xacml-impl\3.1.1\opensaml-xacml-impl-3.1.1.jar;C:\Users\juf\.m2\repository\org\opensaml\opensaml-xacml-api\3.1.1\opensaml-xacml-api-3.1.1.jar;C:\Users\juf\.m2\repository\org\opensaml\opensaml-xacml-saml-impl\3.1.1\opensaml-xacml-saml-impl-3.1.1.jar;C:\Users\juf\.m2\repository\org\opensaml\opensaml-xacml-saml-api\3.1.1\opensaml-xacml-saml-api-3.1.1.jar;C:\Users\juf\.m2\repository\org\jasypt\jasypt\1.9.2\jasypt-1.9.2.jar;C:\Users\juf\.m2\repository\org\bouncycastle\bcprov-jdk15on\1.61\bcprov-jdk15on-1.61.jar;C:\Users\juf\.m2\repository\org\apache\wss4j\wss4j-policy\2.1.9\wss4j-policy-2.1.9.jar;C:\Users\juf\.m2\repository\org\apache\wss4j\wss4j-ws-security-stax\2.1.9\wss4j-ws-security-stax-2.1.9.jar;C:\Users\juf\.m2\repository\org\apache\wss4j\wss4j-bindings\2.1.9\wss4j-bindings-2.1.9.jar;C:\Users\juf\.m2\repository\org\apache\wss4j\wss4j-ws-security-policy-stax\2.1.9\wss4j-ws-security-policy-stax-2.1.9.jar;C:\Users\juf\.m2\repository\org\apache\cxf\cxf-rt-frontend-jaxws\3.3.4\cxf-rt-frontend-jaxws-3.3.4.jar;C:\Users\juf\.m2\repository\xml-resolver\xml-resolver\1.2\xml-resolver-1.2.jar;C:\Users\juf\.m2\repository\org\apache\cxf\cxf-rt-bindings-soap\3.3.4\cxf-rt-bindings-soap-3.3.4.jar;C:\Users\juf\.m2\repository\org\apache\cxf\cxf-rt-wsdl\3.3.4\cxf-rt-wsdl-3.3.4.jar;C:\Users\juf\.m2\repository\org\apache\cxf\cxf-rt-databinding-jaxb\3.3.4\cxf-rt-databinding-jaxb-3.3.4.jar;C:\Users\juf\.m2\repository\org\apache\cxf\cxf-rt-bindings-xml\3.3.4\cxf-rt-bindings-xml-3.3.4.jar;C:\Users\juf\.m2\repository\org\apache\cxf\cxf-rt-frontend-simple\3.3.4\cxf-rt-frontend-simple-3.3.4.jar;C:\Users\juf\.m2\repository\org\apache\cxf\cxf-rt-ws-addr\3.3.4\cxf-rt-ws-addr-3.3.4.jar;C:\Users\juf\.m2\repository\org\apache\cxf\cxf-rt-ws-policy\3.3.4\cxf-rt-ws-policy-3.3.4.jar;C:\Users\juf\.m2\repository\org\apache\cxf\cxf-rt-ws-security\3.3.4\cxf-rt-ws-security-3.3.4.jar;C:\Users\juf\.m2\repository\org\apache\cxf\cxf-rt-security-saml\3.3.4\cxf-rt-security-saml-3.3.4.jar;C:\Users\juf\.m2\repository\com\sun\xml\messaging\saaj\saaj-impl\1.3.23\saaj-impl-1.3.23.jar;C:\Users\juf\.m2\repository\org\jvnet\mimepull\mimepull\1.9\mimepull-1.9.jar;C:\Users\juf\.m2\repository\org\jvnet\staxex\stax-ex\1.7.4\stax-ex-1.7.4.jar;C:\Users\juf\.m2\repository\org\apache\tomcat\tomcat-websocket\8.5.41\tomcat-websocket-8.5.41.jar;C:\Users\juf\.m2\repository\org\apache\tomee\tomee-jaxrs\7.0.6\tomee-jaxrs-7.0.6.jar;C:\Users\juf\.m2\repository\org\apache\tomee\tomee-loader\7.0.6\tomee-loader-7.0.6.jar;C:\Users\juf\.m2\repository\org\apache\tomcat\tomcat-juli\8.5.41\tomcat-juli-8.5.41.jar;C:\Users\juf\.m2\repository\org\apache\tomee\tomee-common\7.0.6\tomee-common-7.0.6.jar;C:\Users\juf\.m2\repository\org\apache\tomee\openejb-rest\7.0.6\openejb-rest-7.0.6.jar;C:\Users\juf\.m2\repository\org\apache\tomee\openejb-cxf-rs\7.0.6\openejb-cxf-rs-7.0.6.jar;C:\Users\juf\.m2\repository\org\apache\tomee\openejb-cxf-transport\7.0.6\openejb-cxf-transport-7.0.6.jar;C:\Users\juf\.m2\repository\org\apache\cxf\cxf-rt-transports-http\3.3.4\cxf-rt-transports-http-3.3.4.jar;C:\Users\juf\.m2\repository\org\apache\cxf\cxf-rt-management\3.3.4\cxf-rt-management-3.3.4.jar;C:\Users\juf\.m2\repository\org\apache\cxf\cxf-rt-rs-service-description\3.1.17\cxf-rt-rs-service-description-3.1.17.jar;C:\Users\juf\.m2\repository\org\apache\cxf\cxf-rt-rs-client\3.3.4\cxf-rt-rs-client-3.3.4.jar;C:\Users\juf\.m2\repository\org\apache\cxf\cxf-core\3.3.4\cxf-core-3.3.4.jar;C:\Users\juf\.m2\repository\org\glassfish\jaxb\jaxb-runtime\2.3.2\jaxb-runtime-2.3.2.jar;C:\Users\juf\.m2\repository\org\glassfish\jaxb\txw2\2.3.2\txw2-2.3.2.jar;C:\Users\juf\.m2\repository\com\sun\istack\istack-commons-runtime\3.0.8\istack-commons-runtime-3.0.8.jar;C:\Users\juf\.m2\repository\com\sun\xml\fastinfoset\FastInfoset\1.2.16\FastInfoset-1.2.16.jar;C:\Users\juf\.m2\repository\jakarta\activation\jakarta.activation-api\1.2.1\jakarta.activation-api-1.2.1.jar;C:\Users\juf\.m2\repository\com\fasterxml\woodstox\woodstox-core\5.0.3\woodstox-core-5.0.3.jar;C:\Users\juf\.m2\repository\jakarta\xml\bind\jakarta.xml.bind-api\2.3.2\jakarta.xml.bind-api-2.3.2.jar;C:\Users\juf\.m2\repository\org\apache\cxf\cxf-rt-frontend-jaxrs\3.3.4\cxf-rt-frontend-jaxrs-3.3.4.jar;C:\Users\juf\.m2\repository\jakarta\ws\rs\jakarta.ws.rs-api\2.1.5\jakarta.ws.rs-api-2.1.5.jar;C:\Users\juf\.m2\repository\org\apache\cxf\cxf-rt-security\3.3.4\cxf-rt-security-3.3.4.jar;C:\Users\juf\.m2\repository\org\apache\cxf\cxf-rt-rs-extension-search\3.3.4\cxf-rt-rs-extension-search-3.3.4.jar;C:\Users\juf\.m2\repository\org\apache\cxf\cxf-rt-rs-security-cors\3.3.4\cxf-rt-rs-security-cors-3.3.4.jar;C:\Users\juf\.m2\repository\org\apache\cxf\cxf-rt-rs-security-oauth2\3.3.4\cxf-rt-rs-security-oauth2-3.3.4.jar;C:\Users\juf\.m2\repository\org\apache\cxf\cxf-rt-rs-security-jose-jaxrs\3.3.4\cxf-rt-rs-security-jose-jaxrs-3.3.4.jar;C:\Users\juf\.m2\repository\org\apache\cxf\cxf-rt-rs-security-jose\3.3.4\cxf-rt-rs-security-jose-3.3.4.jar;C:\Users\juf\.m2\repository\org\apache\cxf\cxf-rt-rs-json-basic\3.3.4\cxf-rt-rs-json-basic-3.3.4.jar;C:\Users\juf\.m2\repository\org\apache\cxf\cxf-rt-rs-extension-providers\3.3.4\cxf-rt-rs-extension-providers-3.3.4.jar;C:\Users\juf\.m2\repository\org\apache\johnzon\johnzon-jaxrs\1.0.2\johnzon-jaxrs-1.0.2.jar;C:\Users\juf\.m2\repository\org\apache\johnzon\johnzon-mapper\1.0.2\johnzon-mapper-1.0.2.jar;C:\Users\juf\.m2\repository\org\apache\johnzon\johnzon-core\1.0.2\johnzon-core-1.0.2.jar;C:\Users\juf\.m2\repository\org\apache\tomee\openejb-server\7.0.6\openejb-server-7.0.6.jar;C:\Users\juf\.m2\repository\org\apache\tomee\openejb-ejbd\7.0.6\openejb-ejbd-7.0.6.jar;C:\Users\juf\.m2\repository\org\apache\tomee\openejb-http\7.0.6\openejb-http-7.0.6.jar;"/>
    <property name="sun.cpu.endian" value="little"/>
    <property name="user.home" value="C:\Users\juf"/>
    <property name="user.language" value="ko"/>
    <property name="java.specification.vendor" value="Oracle Corporation"/>
    <property name="java.home" value="C:\Program Files\Java\jdk1.8.0_231\jre"/>
    <property name="basedir" value="C:\Users\juf\git\prototyping0010\integration-tests"/>
    <property name="file.separator" value="\"/>
    <property name="line.separator" value="&#10;"/>
    <property name="java.vm.specification.vendor" value="Oracle Corporation"/>
    <property name="java.specification.name" value="Java Platform API Specification"/>
    <property name="java.awt.graphicsenv" value="sun.awt.Win32GraphicsEnvironment"/>
    <property name="surefire.real.class.path" value="C:\Users\juf\AppData\Local\Temp\surefire6029818970152969465\surefirebooter7954258819840288090.jar;C:\\Users\\juf\\.m2\\repository\\org\\jacoco\\org.jacoco.agent\\0.8.2\\org.jacoco.agent-0.8.2-runtime.jar"/>
    <property name="sun.boot.class.path" value="C:\Program Files\Java\jdk1.8.0_231\jre\lib\resources.jar;C:\Program Files\Java\jdk1.8.0_231\jre\lib\rt.jar;C:\Program Files\Java\jdk1.8.0_231\jre\lib\sunrsasign.jar;C:\Program Files\Java\jdk1.8.0_231\jre\lib\jsse.jar;C:\Program Files\Java\jdk1.8.0_231\jre\lib\jce.jar;C:\Program Files\Java\jdk1.8.0_231\jre\lib\charsets.jar;C:\Program Files\Java\jdk1.8.0_231\jre\lib\jfr.jar;C:\Program Files\Java\jdk1.8.0_231\jre\classes"/>
    <property name="user.script" value=""/>
    <property name="sun.management.compiler" value="HotSpot 64-Bit Tiered Compilers"/>
    <property name="java.runtime.version" value="1.8.0_231-b11"/>
    <property name="user.name" value="juf"/>
    <property name="path.separator" value=";"/>
    <property name="os.version" value="10.0"/>
    <property name="java.endorsed.dirs" value="C:\Program Files\Java\jdk1.8.0_231\jre\lib\endorsed"/>
    <property name="java.runtime.name" value="Java(TM) SE Runtime Environment"/>
    <property name="file.encoding" value="MS949"/>
    <property name="java.vm.name" value="Java HotSpot(TM) 64-Bit Server VM"/>
    <property name="localRepository" value="C:\Users\juf\.m2\repository"/>
    <property name="java.vendor.url.bug" value="http://bugreport.sun.com/bugreport/"/>
    <property name="java.io.tmpdir" value="C:\Users\juf\AppData\Local\Temp\"/>
    <property name="java.version" value="1.8.0_231"/>
    <property name="user.dir" value="C:\Users\juf\git\prototyping0010\integration-tests"/>
    <property name="os.arch" value="amd64"/>
    <property name="surefire.forkDir" value="C:\Users\juf\git\prototyping0010\integration-tests\target/surefire-fork/1/"/>
    <property name="java.vm.specification.name" value="Java Virtual Machine Specification"/>
    <property name="java.awt.printerjob" value="sun.awt.windows.WPrinterJob"/>
    <property name="sun.os.patch.level" value=""/>
    <property name="org.slf4j.simpleLogger.defaultLogLevel" value="info"/>
    <property name="java.library.path" value="C:\Program Files\Java\jdk1.8.0_231\jre\bin;C:\WINDOWS\Sun\Java\bin;C:\WINDOWS\system32;C:\WINDOWS;C:/Program Files/Java/jre1.8.0_231/bin/server;C:/Program Files/Java/jre1.8.0_231/bin;C:/Program Files/Java/jre1.8.0_231/lib/amd64;C:\Program Files (x86)\Common Files\Oracle\Java\javapath;C:\WINDOWS\system32;C:\WINDOWS;C:\WINDOWS\System32\Wbem;C:\WINDOWS\System32\WindowsPowerShell\v1.0\;C:\WINDOWS\System32\OpenSSH\;C:\Program Files\Cloud Foundry;C:\ProgramData\chocolatey\bin;C:\Program Files\nodejs\;C:\ProgramData\chocolatey\lib\maven\apache-maven-3.6.3\bin;C:\Users\juf\AppData\Local\Microsoft\WindowsApps;C:\Users\juf\AppData\Local\Programs\Microsoft VS Code\bin;C:\Users\juf\AppData\Roaming\npm;C:\DEV\spring-2.2.2.RELEASE.CLI\bin;;C:\DEV\eclipse;;."/>
    <property name="java.vm.info" value="mixed mode"/>
    <property name="java.vendor" value="Oracle Corporation"/>
    <property name="java.vm.version" value="25.231-b11"/>
    <property name="java.ext.dirs" value="C:\Program Files\Java\jdk1.8.0_231\jre\lib\ext;C:\WINDOWS\Sun\Java\lib\ext"/>
    <property name="sun.io.unicode.encoding" value="UnicodeLittle"/>
    <property name="java.class.version" value="52.0"/>
  </properties>
  <testcase name="testService" classname="sk.prototyping.HelloWorldServletTest" time="4.537"/>
</testsuite>